\BOOKMARK [0][-]{chapter.1}{Introducci\363n}{}% 1
\BOOKMARK [1][-]{section.1.1}{\277Qu\351 es Virtualizaci\363n?}{chapter.1}% 2
\BOOKMARK [1][-]{section.1.2}{Tipos de Virtualizaci\363n}{chapter.1}% 3
\BOOKMARK [1][-]{section.1.3}{Procesos y Modos de ejecuci\363n}{chapter.1}% 4
\BOOKMARK [1][-]{section.1.4}{Tipos de control de accesos}{chapter.1}% 5
\BOOKMARK [0][-]{chapter.2}{Seguridad.}{}% 6
\BOOKMARK [1][-]{section.2.1}{Seguridad en Virtualizaci\363n Open Source}{chapter.2}% 7
\BOOKMARK [1][-]{section.2.2}{Asegurando la red}{chapter.2}% 8
\BOOKMARK [1][-]{section.2.3}{Alta disponibilidad de red}{chapter.2}% 9
\BOOKMARK [1][-]{section.2.4}{M\341s de una zona de seguridad virtualizada}{chapter.2}% 10
\BOOKMARK [1][-]{section.2.5}{Las m\341quinas virtuales como procesos}{chapter.2}% 11
\BOOKMARK [1][-]{section.2.6}{sVirt el m\363dulo de SELinux}{chapter.2}% 12
\BOOKMARK [1][-]{section.2.7}{Administraci\363n remota del hipervisor}{chapter.2}% 13
\BOOKMARK [1][-]{section.2.8}{Administraci\363n remota a trav\351s de t\372neles SSH}{chapter.2}% 14
\BOOKMARK [1][-]{section.2.9}{Administraci\363n remota usando autentificaci\363n SASL y encripci\363n}{chapter.2}% 15
\BOOKMARK [1][-]{section.2.10}{Administraci\363n remota usando TLS con llaves asim\351tricas}{chapter.2}% 16
\BOOKMARK [1][-]{section.2.11}{Administraci\363n remota de la consola de las m\341quinas virtuales}{chapter.2}% 17
\BOOKMARK [1][-]{section.2.12}{Protegiendo el acceso con contrase\361a}{chapter.2}% 18
\BOOKMARK [1][-]{section.2.13}{Protegiendo el acceso usando TLS y claves asim\351tricas}{chapter.2}% 19
\BOOKMARK [0][-]{chapter.3}{Conclusi\363n}{}% 20
