This is pdfTeX, Version 3.14159265-2.6-1.40.18 (TeX Live 2017/Arch Linux) (preloaded format=pdflatex 2017.11.17)  19 NOV 2017 14:05
entering extended mode
 restricted \write18 enabled.
 %&-line parsing enabled.
**nuevoProyecto.tex
(./nuevoProyecto.tex
LaTeX2e <2017-04-15>
Babel <3.15> and hyphenation patterns for 84 language(s) loaded.
(./confgTex.tex (/usr/share/texmf-dist/tex/latex/base/book.cls
Document Class: book 2014/09/29 v1.4h Standard LaTeX document class
(/usr/share/texmf-dist/tex/latex/base/bk10.clo
File: bk10.clo 2014/09/29 v1.4h Standard LaTeX file (size option)
)
\c@part=\count79
\c@chapter=\count80
\c@section=\count81
\c@subsection=\count82
\c@subsubsection=\count83
\c@paragraph=\count84
\c@subparagraph=\count85
\c@figure=\count86
\c@table=\count87
\abovecaptionskip=\skip41
\belowcaptionskip=\skip42
\bibindent=\dimen102
)
(/usr/share/texmf-dist/tex/latex/base/fontenc.sty
Package: fontenc 2017/04/05 v2.0i Standard LaTeX package

(/usr/share/texmf-dist/tex/latex/base/t1enc.def
File: t1enc.def 2017/04/05 v2.0i Standard LaTeX file
LaTeX Font Info:    Redeclaring font encoding T1 on input line 48.
))
(/usr/share/texmf-dist/tex/latex/base/inputenc.sty
Package: inputenc 2015/03/17 v1.2c Input encoding file
\inpenc@prehook=\toks14
\inpenc@posthook=\toks15

(/usr/share/texmf-dist/tex/latex/base/utf8.def
File: utf8.def 2017/01/28 v1.1t UTF-8 support for inputenc
Now handling font encoding OML ...
... no UTF-8 mapping file for font encoding OML
Now handling font encoding T1 ...
... processing UTF-8 mapping file for font encoding T1

(/usr/share/texmf-dist/tex/latex/base/t1enc.dfu
File: t1enc.dfu 2017/01/28 v1.1t UTF-8 support for inputenc
   defining Unicode char U+00A0 (decimal 160)
   defining Unicode char U+00A1 (decimal 161)
   defining Unicode char U+00A3 (decimal 163)
   defining Unicode char U+00AB (decimal 171)
   defining Unicode char U+00AD (decimal 173)
   defining Unicode char U+00BB (decimal 187)
   defining Unicode char U+00BF (decimal 191)
   defining Unicode char U+00C0 (decimal 192)
   defining Unicode char U+00C1 (decimal 193)
   defining Unicode char U+00C2 (decimal 194)
   defining Unicode char U+00C3 (decimal 195)
   defining Unicode char U+00C4 (decimal 196)
   defining Unicode char U+00C5 (decimal 197)
   defining Unicode char U+00C6 (decimal 198)
   defining Unicode char U+00C7 (decimal 199)
   defining Unicode char U+00C8 (decimal 200)
   defining Unicode char U+00C9 (decimal 201)
   defining Unicode char U+00CA (decimal 202)
   defining Unicode char U+00CB (decimal 203)
   defining Unicode char U+00CC (decimal 204)
   defining Unicode char U+00CD (decimal 205)
   defining Unicode char U+00CE (decimal 206)
   defining Unicode char U+00CF (decimal 207)
   defining Unicode char U+00D0 (decimal 208)
   defining Unicode char U+00D1 (decimal 209)
   defining Unicode char U+00D2 (decimal 210)
   defining Unicode char U+00D3 (decimal 211)
   defining Unicode char U+00D4 (decimal 212)
   defining Unicode char U+00D5 (decimal 213)
   defining Unicode char U+00D6 (decimal 214)
   defining Unicode char U+00D8 (decimal 216)
   defining Unicode char U+00D9 (decimal 217)
   defining Unicode char U+00DA (decimal 218)
   defining Unicode char U+00DB (decimal 219)
   defining Unicode char U+00DC (decimal 220)
   defining Unicode char U+00DD (decimal 221)
   defining Unicode char U+00DE (decimal 222)
   defining Unicode char U+00DF (decimal 223)
   defining Unicode char U+00E0 (decimal 224)
   defining Unicode char U+00E1 (decimal 225)
   defining Unicode char U+00E2 (decimal 226)
   defining Unicode char U+00E3 (decimal 227)
   defining Unicode char U+00E4 (decimal 228)
   defining Unicode char U+00E5 (decimal 229)
   defining Unicode char U+00E6 (decimal 230)
   defining Unicode char U+00E7 (decimal 231)
   defining Unicode char U+00E8 (decimal 232)
   defining Unicode char U+00E9 (decimal 233)
   defining Unicode char U+00EA (decimal 234)
   defining Unicode char U+00EB (decimal 235)
   defining Unicode char U+00EC (decimal 236)
   defining Unicode char U+00ED (decimal 237)
   defining Unicode char U+00EE (decimal 238)
   defining Unicode char U+00EF (decimal 239)
   defining Unicode char U+00F0 (decimal 240)
   defining Unicode char U+00F1 (decimal 241)
   defining Unicode char U+00F2 (decimal 242)
   defining Unicode char U+00F3 (decimal 243)
   defining Unicode char U+00F4 (decimal 244)
   defining Unicode char U+00F5 (decimal 245)
   defining Unicode char U+00F6 (decimal 246)
   defining Unicode char U+00F8 (decimal 248)
   defining Unicode char U+00F9 (decimal 249)
   defining Unicode char U+00FA (decimal 250)
   defining Unicode char U+00FB (decimal 251)
   defining Unicode char U+00FC (decimal 252)
   defining Unicode char U+00FD (decimal 253)
   defining Unicode char U+00FE (decimal 254)
   defining Unicode char U+00FF (decimal 255)
   defining Unicode char U+0100 (decimal 256)
   defining Unicode char U+0101 (decimal 257)
   defining Unicode char U+0102 (decimal 258)
   defining Unicode char U+0103 (decimal 259)
   defining Unicode char U+0104 (decimal 260)
   defining Unicode char U+0105 (decimal 261)
   defining Unicode char U+0106 (decimal 262)
   defining Unicode char U+0107 (decimal 263)
   defining Unicode char U+0108 (decimal 264)
   defining Unicode char U+0109 (decimal 265)
   defining Unicode char U+010A (decimal 266)
   defining Unicode char U+010B (decimal 267)
   defining Unicode char U+010C (decimal 268)
   defining Unicode char U+010D (decimal 269)
   defining Unicode char U+010E (decimal 270)
   defining Unicode char U+010F (decimal 271)
   defining Unicode char U+0110 (decimal 272)
   defining Unicode char U+0111 (decimal 273)
   defining Unicode char U+0112 (decimal 274)
   defining Unicode char U+0113 (decimal 275)
   defining Unicode char U+0114 (decimal 276)
   defining Unicode char U+0115 (decimal 277)
   defining Unicode char U+0116 (decimal 278)
   defining Unicode char U+0117 (decimal 279)
   defining Unicode char U+0118 (decimal 280)
   defining Unicode char U+0119 (decimal 281)
   defining Unicode char U+011A (decimal 282)
   defining Unicode char U+011B (decimal 283)
   defining Unicode char U+011C (decimal 284)
   defining Unicode char U+011D (decimal 285)
   defining Unicode char U+011E (decimal 286)
   defining Unicode char U+011F (decimal 287)
   defining Unicode char U+0120 (decimal 288)
   defining Unicode char U+0121 (decimal 289)
   defining Unicode char U+0122 (decimal 290)
   defining Unicode char U+0123 (decimal 291)
   defining Unicode char U+0124 (decimal 292)
   defining Unicode char U+0125 (decimal 293)
   defining Unicode char U+0128 (decimal 296)
   defining Unicode char U+0129 (decimal 297)
   defining Unicode char U+012A (decimal 298)
   defining Unicode char U+012B (decimal 299)
   defining Unicode char U+012C (decimal 300)
   defining Unicode char U+012D (decimal 301)
   defining Unicode char U+012E (decimal 302)
   defining Unicode char U+012F (decimal 303)
   defining Unicode char U+0130 (decimal 304)
   defining Unicode char U+0131 (decimal 305)
   defining Unicode char U+0132 (decimal 306)
   defining Unicode char U+0133 (decimal 307)
   defining Unicode char U+0134 (decimal 308)
   defining Unicode char U+0135 (decimal 309)
   defining Unicode char U+0136 (decimal 310)
   defining Unicode char U+0137 (decimal 311)
   defining Unicode char U+0139 (decimal 313)
   defining Unicode char U+013A (decimal 314)
   defining Unicode char U+013B (decimal 315)
   defining Unicode char U+013C (decimal 316)
   defining Unicode char U+013D (decimal 317)
   defining Unicode char U+013E (decimal 318)
   defining Unicode char U+0141 (decimal 321)
   defining Unicode char U+0142 (decimal 322)
   defining Unicode char U+0143 (decimal 323)
   defining Unicode char U+0144 (decimal 324)
   defining Unicode char U+0145 (decimal 325)
   defining Unicode char U+0146 (decimal 326)
   defining Unicode char U+0147 (decimal 327)
   defining Unicode char U+0148 (decimal 328)
   defining Unicode char U+014A (decimal 330)
   defining Unicode char U+014B (decimal 331)
   defining Unicode char U+014C (decimal 332)
   defining Unicode char U+014D (decimal 333)
   defining Unicode char U+014E (decimal 334)
   defining Unicode char U+014F (decimal 335)
   defining Unicode char U+0150 (decimal 336)
   defining Unicode char U+0151 (decimal 337)
   defining Unicode char U+0152 (decimal 338)
   defining Unicode char U+0153 (decimal 339)
   defining Unicode char U+0154 (decimal 340)
   defining Unicode char U+0155 (decimal 341)
   defining Unicode char U+0156 (decimal 342)
   defining Unicode char U+0157 (decimal 343)
   defining Unicode char U+0158 (decimal 344)
   defining Unicode char U+0159 (decimal 345)
   defining Unicode char U+015A (decimal 346)
   defining Unicode char U+015B (decimal 347)
   defining Unicode char U+015C (decimal 348)
   defining Unicode char U+015D (decimal 349)
   defining Unicode char U+015E (decimal 350)
   defining Unicode char U+015F (decimal 351)
   defining Unicode char U+0160 (decimal 352)
   defining Unicode char U+0161 (decimal 353)
   defining Unicode char U+0162 (decimal 354)
   defining Unicode char U+0163 (decimal 355)
   defining Unicode char U+0164 (decimal 356)
   defining Unicode char U+0165 (decimal 357)
   defining Unicode char U+0168 (decimal 360)
   defining Unicode char U+0169 (decimal 361)
   defining Unicode char U+016A (decimal 362)
   defining Unicode char U+016B (decimal 363)
   defining Unicode char U+016C (decimal 364)
   defining Unicode char U+016D (decimal 365)
   defining Unicode char U+016E (decimal 366)
   defining Unicode char U+016F (decimal 367)
   defining Unicode char U+0170 (decimal 368)
   defining Unicode char U+0171 (decimal 369)
   defining Unicode char U+0172 (decimal 370)
   defining Unicode char U+0173 (decimal 371)
   defining Unicode char U+0174 (decimal 372)
   defining Unicode char U+0175 (decimal 373)
   defining Unicode char U+0176 (decimal 374)
   defining Unicode char U+0177 (decimal 375)
   defining Unicode char U+0178 (decimal 376)
   defining Unicode char U+0179 (decimal 377)
   defining Unicode char U+017A (decimal 378)
   defining Unicode char U+017B (decimal 379)
   defining Unicode char U+017C (decimal 380)
   defining Unicode char U+017D (decimal 381)
   defining Unicode char U+017E (decimal 382)
   defining Unicode char U+01CD (decimal 461)
   defining Unicode char U+01CE (decimal 462)
   defining Unicode char U+01CF (decimal 463)
   defining Unicode char U+01D0 (decimal 464)
   defining Unicode char U+01D1 (decimal 465)
   defining Unicode char U+01D2 (decimal 466)
   defining Unicode char U+01D3 (decimal 467)
   defining Unicode char U+01D4 (decimal 468)
   defining Unicode char U+01E2 (decimal 482)
   defining Unicode char U+01E3 (decimal 483)
   defining Unicode char U+01E6 (decimal 486)
   defining Unicode char U+01E7 (decimal 487)
   defining Unicode char U+01E8 (decimal 488)
   defining Unicode char U+01E9 (decimal 489)
   defining Unicode char U+01EA (decimal 490)
   defining Unicode char U+01EB (decimal 491)
   defining Unicode char U+01F0 (decimal 496)
   defining Unicode char U+01F4 (decimal 500)
   defining Unicode char U+01F5 (decimal 501)
   defining Unicode char U+0218 (decimal 536)
   defining Unicode char U+0219 (decimal 537)
   defining Unicode char U+021A (decimal 538)
   defining Unicode char U+021B (decimal 539)
   defining Unicode char U+0232 (decimal 562)
   defining Unicode char U+0233 (decimal 563)
   defining Unicode char U+1E02 (decimal 7682)
   defining Unicode char U+1E03 (decimal 7683)
   defining Unicode char U+200C (decimal 8204)
   defining Unicode char U+2010 (decimal 8208)
   defining Unicode char U+2011 (decimal 8209)
   defining Unicode char U+2012 (decimal 8210)
   defining Unicode char U+2013 (decimal 8211)
   defining Unicode char U+2014 (decimal 8212)
   defining Unicode char U+2015 (decimal 8213)
   defining Unicode char U+2018 (decimal 8216)
   defining Unicode char U+2019 (decimal 8217)
   defining Unicode char U+201A (decimal 8218)
   defining Unicode char U+201C (decimal 8220)
   defining Unicode char U+201D (decimal 8221)
   defining Unicode char U+201E (decimal 8222)
   defining Unicode char U+2030 (decimal 8240)
   defining Unicode char U+2031 (decimal 8241)
   defining Unicode char U+2039 (decimal 8249)
   defining Unicode char U+203A (decimal 8250)
   defining Unicode char U+2423 (decimal 9251)
   defining Unicode char U+1E20 (decimal 7712)
   defining Unicode char U+1E21 (decimal 7713)
)
Now handling font encoding OT1 ...
... processing UTF-8 mapping file for font encoding OT1

(/usr/share/texmf-dist/tex/latex/base/ot1enc.dfu
File: ot1enc.dfu 2017/01/28 v1.1t UTF-8 support for inputenc
   defining Unicode char U+00A0 (decimal 160)
   defining Unicode char U+00A1 (decimal 161)
   defining Unicode char U+00A3 (decimal 163)
   defining Unicode char U+00AD (decimal 173)
   defining Unicode char U+00B8 (decimal 184)
   defining Unicode char U+00BF (decimal 191)
   defining Unicode char U+00C5 (decimal 197)
   defining Unicode char U+00C6 (decimal 198)
   defining Unicode char U+00D8 (decimal 216)
   defining Unicode char U+00DF (decimal 223)
   defining Unicode char U+00E6 (decimal 230)
   defining Unicode char U+00EC (decimal 236)
   defining Unicode char U+00ED (decimal 237)
   defining Unicode char U+00EE (decimal 238)
   defining Unicode char U+00EF (decimal 239)
   defining Unicode char U+00F8 (decimal 248)
   defining Unicode char U+0131 (decimal 305)
   defining Unicode char U+0141 (decimal 321)
   defining Unicode char U+0142 (decimal 322)
   defining Unicode char U+0152 (decimal 338)
   defining Unicode char U+0153 (decimal 339)
   defining Unicode char U+0174 (decimal 372)
   defining Unicode char U+0175 (decimal 373)
   defining Unicode char U+0176 (decimal 374)
   defining Unicode char U+0177 (decimal 375)
   defining Unicode char U+0218 (decimal 536)
   defining Unicode char U+0219 (decimal 537)
   defining Unicode char U+021A (decimal 538)
   defining Unicode char U+021B (decimal 539)
   defining Unicode char U+2013 (decimal 8211)
   defining Unicode char U+2014 (decimal 8212)
   defining Unicode char U+2018 (decimal 8216)
   defining Unicode char U+2019 (decimal 8217)
   defining Unicode char U+201C (decimal 8220)
   defining Unicode char U+201D (decimal 8221)
)
Now handling font encoding OMS ...
... processing UTF-8 mapping file for font encoding OMS

(/usr/share/texmf-dist/tex/latex/base/omsenc.dfu
File: omsenc.dfu 2017/01/28 v1.1t UTF-8 support for inputenc
   defining Unicode char U+00A7 (decimal 167)
   defining Unicode char U+00B6 (decimal 182)
   defining Unicode char U+00B7 (decimal 183)
   defining Unicode char U+2020 (decimal 8224)
   defining Unicode char U+2021 (decimal 8225)
   defining Unicode char U+2022 (decimal 8226)
)
Now handling font encoding OMX ...
... no UTF-8 mapping file for font encoding OMX
Now handling font encoding U ...
... no UTF-8 mapping file for font encoding U
   defining Unicode char U+00A9 (decimal 169)
   defining Unicode char U+00AA (decimal 170)
   defining Unicode char U+00AE (decimal 174)
   defining Unicode char U+00BA (decimal 186)
   defining Unicode char U+02C6 (decimal 710)
   defining Unicode char U+02DC (decimal 732)
   defining Unicode char U+200C (decimal 8204)
   defining Unicode char U+2026 (decimal 8230)
   defining Unicode char U+2122 (decimal 8482)
   defining Unicode char U+2423 (decimal 9251)
))
(/var/lib/texmf/tex/latex/fourier/fourier.sty
Package: fourier 2005/01/01 1.4 fourier-GUTenberg package
Now handling font encoding FML ...
... no UTF-8 mapping file for font encoding FML
Now handling font encoding FMS ...
... no UTF-8 mapping file for font encoding FMS
Now handling font encoding FMX ...
... no UTF-8 mapping file for font encoding FMX

(/usr/share/texmf-dist/tex/latex/base/fontenc.sty
Package: fontenc 2017/04/05 v2.0i Standard LaTeX package

(/usr/share/texmf-dist/tex/latex/base/t1enc.def
File: t1enc.def 2017/04/05 v2.0i Standard LaTeX file
LaTeX Font Info:    Redeclaring font encoding T1 on input line 48.
))
(/usr/share/texmf-dist/tex/latex/base/textcomp.sty
Package: textcomp 2017/04/05 v2.0i Standard LaTeX package
Package textcomp Info: Sub-encoding information:
(textcomp)               5 = only ISO-Adobe without \textcurrency
(textcomp)               4 = 5 + \texteuro
(textcomp)               3 = 4 + \textohm
(textcomp)               2 = 3 + \textestimated + \textcurrency
(textcomp)               1 = TS1 - \textcircled - \t
(textcomp)               0 = TS1 (full)
(textcomp)             Font families with sub-encoding setting implement
(textcomp)             only a restricted character set as indicated.
(textcomp)             Family '?' is the default used for unknown fonts.
(textcomp)             See the documentation for details.
Package textcomp Info: Setting ? sub-encoding to TS1/1 on input line 79.

(/usr/share/texmf-dist/tex/latex/base/ts1enc.def
File: ts1enc.def 2001/06/05 v3.0e (jk/car/fm) Standard LaTeX file
Now handling font encoding TS1 ...
... processing UTF-8 mapping file for font encoding TS1

(/usr/share/texmf-dist/tex/latex/base/ts1enc.dfu
File: ts1enc.dfu 2017/01/28 v1.1t UTF-8 support for inputenc
   defining Unicode char U+00A2 (decimal 162)
   defining Unicode char U+00A3 (decimal 163)
   defining Unicode char U+00A4 (decimal 164)
   defining Unicode char U+00A5 (decimal 165)
   defining Unicode char U+00A6 (decimal 166)
   defining Unicode char U+00A7 (decimal 167)
   defining Unicode char U+00A8 (decimal 168)
   defining Unicode char U+00A9 (decimal 169)
   defining Unicode char U+00AA (decimal 170)
   defining Unicode char U+00AC (decimal 172)
   defining Unicode char U+00AE (decimal 174)
   defining Unicode char U+00AF (decimal 175)
   defining Unicode char U+00B0 (decimal 176)
   defining Unicode char U+00B1 (decimal 177)
   defining Unicode char U+00B2 (decimal 178)
   defining Unicode char U+00B3 (decimal 179)
   defining Unicode char U+00B4 (decimal 180)
   defining Unicode char U+00B5 (decimal 181)
   defining Unicode char U+00B6 (decimal 182)
   defining Unicode char U+00B7 (decimal 183)
   defining Unicode char U+00B9 (decimal 185)
   defining Unicode char U+00BA (decimal 186)
   defining Unicode char U+00BC (decimal 188)
   defining Unicode char U+00BD (decimal 189)
   defining Unicode char U+00BE (decimal 190)
   defining Unicode char U+00D7 (decimal 215)
   defining Unicode char U+00F7 (decimal 247)
   defining Unicode char U+0192 (decimal 402)
   defining Unicode char U+02C7 (decimal 711)
   defining Unicode char U+02D8 (decimal 728)
   defining Unicode char U+02DD (decimal 733)
   defining Unicode char U+0E3F (decimal 3647)
   defining Unicode char U+2016 (decimal 8214)
   defining Unicode char U+2020 (decimal 8224)
   defining Unicode char U+2021 (decimal 8225)
   defining Unicode char U+2022 (decimal 8226)
   defining Unicode char U+2030 (decimal 8240)
   defining Unicode char U+2031 (decimal 8241)
   defining Unicode char U+203B (decimal 8251)
   defining Unicode char U+203D (decimal 8253)
   defining Unicode char U+2044 (decimal 8260)
   defining Unicode char U+204E (decimal 8270)
   defining Unicode char U+2052 (decimal 8274)
   defining Unicode char U+20A1 (decimal 8353)
   defining Unicode char U+20A4 (decimal 8356)
   defining Unicode char U+20A6 (decimal 8358)
   defining Unicode char U+20A9 (decimal 8361)
   defining Unicode char U+20AB (decimal 8363)
   defining Unicode char U+20AC (decimal 8364)
   defining Unicode char U+20B1 (decimal 8369)
   defining Unicode char U+2103 (decimal 8451)
   defining Unicode char U+2116 (decimal 8470)
   defining Unicode char U+2117 (decimal 8471)
   defining Unicode char U+211E (decimal 8478)
   defining Unicode char U+2120 (decimal 8480)
   defining Unicode char U+2122 (decimal 8482)
   defining Unicode char U+2126 (decimal 8486)
   defining Unicode char U+2127 (decimal 8487)
   defining Unicode char U+212E (decimal 8494)
   defining Unicode char U+2190 (decimal 8592)
   defining Unicode char U+2191 (decimal 8593)
   defining Unicode char U+2192 (decimal 8594)
   defining Unicode char U+2193 (decimal 8595)
   defining Unicode char U+2329 (decimal 9001)
   defining Unicode char U+232A (decimal 9002)
   defining Unicode char U+2422 (decimal 9250)
   defining Unicode char U+25E6 (decimal 9702)
   defining Unicode char U+25EF (decimal 9711)
   defining Unicode char U+266A (decimal 9834)
))
LaTeX Info: Redefining \oldstylenums on input line 334.
Package textcomp Info: Setting cmr sub-encoding to TS1/0 on input line 349.
Package textcomp Info: Setting cmss sub-encoding to TS1/0 on input line 350.
Package textcomp Info: Setting cmtt sub-encoding to TS1/0 on input line 351.
Package textcomp Info: Setting cmvtt sub-encoding to TS1/0 on input line 352.
Package textcomp Info: Setting cmbr sub-encoding to TS1/0 on input line 353.
Package textcomp Info: Setting cmtl sub-encoding to TS1/0 on input line 354.
Package textcomp Info: Setting ccr sub-encoding to TS1/0 on input line 355.
Package textcomp Info: Setting ptm sub-encoding to TS1/4 on input line 356.
Package textcomp Info: Setting pcr sub-encoding to TS1/4 on input line 357.
Package textcomp Info: Setting phv sub-encoding to TS1/4 on input line 358.
Package textcomp Info: Setting ppl sub-encoding to TS1/3 on input line 359.
Package textcomp Info: Setting pag sub-encoding to TS1/4 on input line 360.
Package textcomp Info: Setting pbk sub-encoding to TS1/4 on input line 361.
Package textcomp Info: Setting pnc sub-encoding to TS1/4 on input line 362.
Package textcomp Info: Setting pzc sub-encoding to TS1/4 on input line 363.
Package textcomp Info: Setting bch sub-encoding to TS1/4 on input line 364.
Package textcomp Info: Setting put sub-encoding to TS1/5 on input line 365.
Package textcomp Info: Setting uag sub-encoding to TS1/5 on input line 366.
Package textcomp Info: Setting ugq sub-encoding to TS1/5 on input line 367.
Package textcomp Info: Setting ul8 sub-encoding to TS1/4 on input line 368.
Package textcomp Info: Setting ul9 sub-encoding to TS1/4 on input line 369.
Package textcomp Info: Setting augie sub-encoding to TS1/5 on input line 370.
Package textcomp Info: Setting dayrom sub-encoding to TS1/3 on input line 371.
Package textcomp Info: Setting dayroms sub-encoding to TS1/3 on input line 372.

Package textcomp Info: Setting pxr sub-encoding to TS1/0 on input line 373.
Package textcomp Info: Setting pxss sub-encoding to TS1/0 on input line 374.
Package textcomp Info: Setting pxtt sub-encoding to TS1/0 on input line 375.
Package textcomp Info: Setting txr sub-encoding to TS1/0 on input line 376.
Package textcomp Info: Setting txss sub-encoding to TS1/0 on input line 377.
Package textcomp Info: Setting txtt sub-encoding to TS1/0 on input line 378.
Package textcomp Info: Setting lmr sub-encoding to TS1/0 on input line 379.
Package textcomp Info: Setting lmdh sub-encoding to TS1/0 on input line 380.
Package textcomp Info: Setting lmss sub-encoding to TS1/0 on input line 381.
Package textcomp Info: Setting lmssq sub-encoding to TS1/0 on input line 382.
Package textcomp Info: Setting lmvtt sub-encoding to TS1/0 on input line 383.
Package textcomp Info: Setting lmtt sub-encoding to TS1/0 on input line 384.
Package textcomp Info: Setting qhv sub-encoding to TS1/0 on input line 385.
Package textcomp Info: Setting qag sub-encoding to TS1/0 on input line 386.
Package textcomp Info: Setting qbk sub-encoding to TS1/0 on input line 387.
Package textcomp Info: Setting qcr sub-encoding to TS1/0 on input line 388.
Package textcomp Info: Setting qcs sub-encoding to TS1/0 on input line 389.
Package textcomp Info: Setting qpl sub-encoding to TS1/0 on input line 390.
Package textcomp Info: Setting qtm sub-encoding to TS1/0 on input line 391.
Package textcomp Info: Setting qzc sub-encoding to TS1/0 on input line 392.
Package textcomp Info: Setting qhvc sub-encoding to TS1/0 on input line 393.
Package textcomp Info: Setting futs sub-encoding to TS1/4 on input line 394.
Package textcomp Info: Setting futx sub-encoding to TS1/4 on input line 395.
Package textcomp Info: Setting futj sub-encoding to TS1/4 on input line 396.
Package textcomp Info: Setting hlh sub-encoding to TS1/3 on input line 397.
Package textcomp Info: Setting hls sub-encoding to TS1/3 on input line 398.
Package textcomp Info: Setting hlst sub-encoding to TS1/3 on input line 399.
Package textcomp Info: Setting hlct sub-encoding to TS1/5 on input line 400.
Package textcomp Info: Setting hlx sub-encoding to TS1/5 on input line 401.
Package textcomp Info: Setting hlce sub-encoding to TS1/5 on input line 402.
Package textcomp Info: Setting hlcn sub-encoding to TS1/5 on input line 403.
Package textcomp Info: Setting hlcw sub-encoding to TS1/5 on input line 404.
Package textcomp Info: Setting hlcf sub-encoding to TS1/5 on input line 405.
Package textcomp Info: Setting pplx sub-encoding to TS1/3 on input line 406.
Package textcomp Info: Setting pplj sub-encoding to TS1/3 on input line 407.
Package textcomp Info: Setting ptmx sub-encoding to TS1/4 on input line 408.
Package textcomp Info: Setting ptmj sub-encoding to TS1/4 on input line 409.
)
(/var/lib/texmf/tex/latex/fourier/fourier-orns.sty
Package: fourier-orns 2004/01/30 1.1 fourier-ornaments package
)
LaTeX Font Info:    Redeclaring symbol font `operators' on input line 50.
LaTeX Font Info:    Encoding `OT1' has changed to `T1' for symbol font
(Font)              `operators' in the math version `normal' on input line 50.
LaTeX Font Info:    Overwriting symbol font `operators' in version `normal'
(Font)                  OT1/cmr/m/n --> T1/futs/m/n on input line 50.
LaTeX Font Info:    Encoding `OT1' has changed to `T1' for symbol font
(Font)              `operators' in the math version `bold' on input line 50.
LaTeX Font Info:    Overwriting symbol font `operators' in version `bold'
(Font)                  OT1/cmr/bx/n --> T1/futs/m/n on input line 50.
LaTeX Font Info:    Overwriting symbol font `operators' in version `bold'
(Font)                  T1/futs/m/n --> T1/futs/b/n on input line 51.
LaTeX Font Info:    Redeclaring symbol font `letters' on input line 59.
LaTeX Font Info:    Encoding `OML' has changed to `FML' for symbol font
(Font)              `letters' in the math version `normal' on input line 59.
LaTeX Font Info:    Overwriting symbol font `letters' in version `normal'
(Font)                  OML/cmm/m/it --> FML/futmi/m/it on input line 59.
LaTeX Font Info:    Encoding `OML' has changed to `FML' for symbol font
(Font)              `letters' in the math version `bold' on input line 59.
LaTeX Font Info:    Overwriting symbol font `letters' in version `bold'
(Font)                  OML/cmm/b/it --> FML/futmi/m/it on input line 59.
\symotherletters=\mathgroup4
LaTeX Font Info:    Overwriting symbol font `letters' in version `bold'
(Font)                  FML/futmi/m/it --> FML/futmi/b/it on input line 61.
LaTeX Font Info:    Overwriting symbol font `otherletters' in version `bold'
(Font)                  FML/futm/m/it --> FML/futm/b/it on input line 62.
LaTeX Font Info:    Redeclaring math symbol \Gamma on input line 63.
LaTeX Font Info:    Redeclaring math symbol \Delta on input line 64.
LaTeX Font Info:    Redeclaring math symbol \Theta on input line 65.
LaTeX Font Info:    Redeclaring math symbol \Lambda on input line 66.
LaTeX Font Info:    Redeclaring math symbol \Xi on input line 67.
LaTeX Font Info:    Redeclaring math symbol \Pi on input line 68.
LaTeX Font Info:    Redeclaring math symbol \Sigma on input line 69.
LaTeX Font Info:    Redeclaring math symbol \Upsilon on input line 70.
LaTeX Font Info:    Redeclaring math symbol \Phi on input line 71.
LaTeX Font Info:    Redeclaring math symbol \Psi on input line 72.
LaTeX Font Info:    Redeclaring math symbol \Omega on input line 73.
LaTeX Font Info:    Redeclaring symbol font `symbols' on input line 113.
LaTeX Font Info:    Encoding `OMS' has changed to `FMS' for symbol font
(Font)              `symbols' in the math version `normal' on input line 113.
LaTeX Font Info:    Overwriting symbol font `symbols' in version `normal'
(Font)                  OMS/cmsy/m/n --> FMS/futm/m/n on input line 113.
LaTeX Font Info:    Encoding `OMS' has changed to `FMS' for symbol font
(Font)              `symbols' in the math version `bold' on input line 113.
LaTeX Font Info:    Overwriting symbol font `symbols' in version `bold'
(Font)                  OMS/cmsy/b/n --> FMS/futm/m/n on input line 113.
LaTeX Font Info:    Redeclaring symbol font `largesymbols' on input line 114.
LaTeX Font Info:    Encoding `OMX' has changed to `FMX' for symbol font
(Font)              `largesymbols' in the math version `normal' on input line 1
14.
LaTeX Font Info:    Overwriting symbol font `largesymbols' in version `normal'
(Font)                  OMX/cmex/m/n --> FMX/futm/m/n on input line 114.
LaTeX Font Info:    Encoding `OMX' has changed to `FMX' for symbol font
(Font)              `largesymbols' in the math version `bold' on input line 114
.
LaTeX Font Info:    Overwriting symbol font `largesymbols' in version `bold'
(Font)                  OMX/cmex/m/n --> FMX/futm/m/n on input line 114.
LaTeX Font Info:    Redeclaring math alphabet \mathbf on input line 115.
LaTeX Font Info:    Overwriting math alphabet `\mathbf' in version `normal'
(Font)                  OT1/cmr/bx/n --> T1/futs/bx/n on input line 115.
LaTeX Font Info:    Overwriting math alphabet `\mathbf' in version `bold'
(Font)                  OT1/cmr/bx/n --> T1/futs/bx/n on input line 115.
LaTeX Font Info:    Redeclaring math alphabet \mathrm on input line 116.
LaTeX Font Info:    Redeclaring math alphabet \mathit on input line 117.
LaTeX Font Info:    Overwriting math alphabet `\mathit' in version `normal'
(Font)                  OT1/cmr/m/it --> T1/futs/m/it on input line 117.
LaTeX Font Info:    Overwriting math alphabet `\mathit' in version `bold'
(Font)                  OT1/cmr/bx/it --> T1/futs/m/it on input line 117.
LaTeX Font Info:    Redeclaring math alphabet \mathcal on input line 118.
LaTeX Font Info:    Redeclaring math symbol \parallel on input line 134.
LaTeX Font Info:    Redeclaring math symbol \hbar on input line 148.
LaTeX Font Info:    Redeclaring math symbol \varkappa on input line 186.
LaTeX Font Info:    Redeclaring math symbol \varvarrho on input line 187.
LaTeX Font Info:    Redeclaring math delimiter \Vert on input line 210.
LaTeX Font Info:    Redeclaring math delimiter \vert on input line 215.
LaTeX Font Info:    Redeclaring math delimiter \Downarrow on input line 225.
LaTeX Font Info:    Redeclaring math delimiter \backslash on input line 227.
LaTeX Font Info:    Redeclaring math delimiter \rangle on input line 229.
LaTeX Font Info:    Redeclaring math delimiter \langle on input line 231.
LaTeX Font Info:    Redeclaring math delimiter \rbrace on input line 233.
LaTeX Font Info:    Redeclaring math delimiter \lbrace on input line 235.
LaTeX Font Info:    Redeclaring math delimiter \rceil on input line 237.
LaTeX Font Info:    Redeclaring math delimiter \lceil on input line 239.
LaTeX Font Info:    Redeclaring math delimiter \rfloor on input line 241.
LaTeX Font Info:    Redeclaring math delimiter \lfloor on input line 243.
LaTeX Font Info:    Redeclaring math accent \acute on input line 247.
LaTeX Font Info:    Redeclaring math accent \grave on input line 248.
LaTeX Font Info:    Redeclaring math accent \ddot on input line 249.
LaTeX Font Info:    Redeclaring math accent \tilde on input line 250.
LaTeX Font Info:    Redeclaring math accent \bar on input line 251.
LaTeX Font Info:    Redeclaring math accent \breve on input line 252.
LaTeX Font Info:    Redeclaring math accent \check on input line 253.
LaTeX Font Info:    Redeclaring math accent \hat on input line 254.
LaTeX Font Info:    Redeclaring math accent \dot on input line 255.
LaTeX Font Info:    Redeclaring math accent \mathring on input line 256.
\symUfutm=\mathgroup5
)
(/usr/share/texmf-dist/tex/generic/babel/babel.sty
Package: babel 2017/11/03 3.15 The Babel package

(/usr/share/texmf-dist/tex/generic/babel/switch.def
File: switch.def 2017/11/03 3.15 Babel switching mechanism
)
(/usr/share/texmf-dist/tex/generic/babel-spanish/spanish.ldf
Language: spanish.ldf 2016/03/03 v5.0p Spanish support from the babel system

(/usr/share/texmf-dist/tex/generic/babel/babel.def
File: babel.def 2017/11/03 3.15 Babel common definitions

(/usr/share/texmf-dist/tex/generic/babel/switch.def
File: switch.def 2017/11/03 3.15 Babel switching mechanism
)
\babel@savecnt=\count88
\U@D=\dimen103
)
\es@quottoks=\toks16
\es@quotdepth=\count89
Package babel Info: Making " an active character on input line 561.
Package babel Info: Making . an active character on input line 662.
Package babel Info: Making < an active character on input line 707.
Package babel Info: Making > an active character on input line 707.
))
(/usr/share/texmf-dist/tex/latex/tools/array.sty
Package: array 2016/10/06 v2.4d Tabular extension package (FMi)
\col@sep=\dimen104
\extrarowheight=\dimen105
\NC@list=\toks17
\extratabsurround=\skip43
\backup@length=\skip44
)
(/usr/share/texmf-dist/tex/latex/multirow/multirow.sty
Package: multirow 2016/11/25 v2.2 Span multiple rows of a table
\multirow@colwidth=\skip45
\multirow@cntb=\count90
\multirow@dima=\skip46
\bigstrutjot=\dimen106
)
(/usr/share/texmf-dist/tex/latex/xcolor/xcolor.sty
Package: xcolor 2016/05/11 v2.12 LaTeX color extensions (UK)

(/usr/share/texmf-dist/tex/latex/graphics-cfg/color.cfg
File: color.cfg 2016/01/02 v1.6 sample color configuration
)
Package xcolor Info: Driver file: pdftex.def on input line 225.

(/usr/share/texmf-dist/tex/latex/graphics-def/pdftex.def
File: pdftex.def 2017/06/24 v1.0g Graphics/color driver for pdftex
)
Package xcolor Info: Model `cmy' substituted by `cmy0' on input line 1348.
Package xcolor Info: Model `hsb' substituted by `rgb' on input line 1352.
Package xcolor Info: Model `RGB' extended on input line 1364.
Package xcolor Info: Model `HTML' substituted by `rgb' on input line 1366.
Package xcolor Info: Model `Hsb' substituted by `hsb' on input line 1367.
Package xcolor Info: Model `tHsb' substituted by `hsb' on input line 1368.
Package xcolor Info: Model `HSB' substituted by `hsb' on input line 1369.
Package xcolor Info: Model `Gray' substituted by `gray' on input line 1370.
Package xcolor Info: Model `wave' substituted by `hsb' on input line 1371.

(/usr/share/texmf-dist/tex/latex/graphics/dvipsnam.def
File: dvipsnam.def 2016/06/17 v3.0m Driver-dependent file (DPC,SPQR)
))
(/usr/share/texmf-dist/tex/latex/url/url.sty
\Urlmuskip=\muskip10
Package: url 2013/09/16  ver 3.4  Verb mode for urls, etc.
)
(/usr/share/texmf-dist/tex/latex/amsmath/amsmath.sty
Package: amsmath 2017/09/02 v2.17a AMS math features
\@mathmargin=\skip47

For additional information on amsmath, use the `?' option.
(/usr/share/texmf-dist/tex/latex/amsmath/amstext.sty
Package: amstext 2000/06/29 v2.01 AMS text

(/usr/share/texmf-dist/tex/latex/amsmath/amsgen.sty
File: amsgen.sty 1999/11/30 v2.0 generic functions
\@emptytoks=\toks18
\ex@=\dimen107
))
(/usr/share/texmf-dist/tex/latex/amsmath/amsbsy.sty
Package: amsbsy 1999/11/29 v1.2d Bold Symbols
\pmbraise@=\dimen108
)
(/usr/share/texmf-dist/tex/latex/amsmath/amsopn.sty
Package: amsopn 2016/03/08 v2.02 operator names
)
\inf@bad=\count91
LaTeX Info: Redefining \frac on input line 213.
\uproot@=\count92
\leftroot@=\count93
LaTeX Info: Redefining \overline on input line 375.
\classnum@=\count94
\DOTSCASE@=\count95
LaTeX Info: Redefining \ldots on input line 472.
LaTeX Info: Redefining \dots on input line 475.
LaTeX Info: Redefining \cdots on input line 596.
\Mathstrutbox@=\box26
\strutbox@=\box27
\big@size=\dimen109
LaTeX Font Info:    Redeclaring font encoding OML on input line 712.
LaTeX Font Info:    Redeclaring font encoding OMS on input line 713.
\macc@depth=\count96
\c@MaxMatrixCols=\count97
\dotsspace@=\muskip11
\c@parentequation=\count98
\dspbrk@lvl=\count99
\tag@help=\toks19
\row@=\count100
\column@=\count101
\maxfields@=\count102
\andhelp@=\toks20
\eqnshift@=\dimen110
\alignsep@=\dimen111
\tagshift@=\dimen112
\tagwidth@=\dimen113
\totwidth@=\dimen114
\lineht@=\dimen115
\@envbody=\toks21
\multlinegap=\skip48
\multlinetaggap=\skip49
\mathdisplay@stack=\toks22
LaTeX Info: Redefining \[ on input line 2817.
LaTeX Info: Redefining \] on input line 2818.
)
(/usr/share/texmf-dist/tex/latex/amsfonts/amsfonts.sty
Package: amsfonts 2013/01/14 v3.01 Basic AMSFonts support
\symAMSa=\mathgroup6
\symAMSb=\mathgroup7
LaTeX Font Info:    Overwriting math alphabet `\mathfrak' in version `bold'
(Font)                  U/euf/m/n --> U/euf/b/n on input line 106.
LaTeX Font Info:    Redeclaring math symbol \square on input line 141.
)
(/usr/share/texmf-dist/tex/latex/amscls/amsthm.sty
Package: amsthm 2015/03/04 v2.20.2
\thm@style=\toks23
\thm@bodyfont=\toks24
\thm@headfont=\toks25
\thm@notefont=\toks26
\thm@headpunct=\toks27
\thm@preskip=\skip50
\thm@postskip=\skip51
\thm@headsep=\skip52
\dth@everypar=\toks28
)
(/usr/share/texmf-dist/tex/latex/pgf/frontendlayer/tikz.sty
(/usr/share/texmf-dist/tex/latex/pgf/basiclayer/pgf.sty
(/usr/share/texmf-dist/tex/latex/pgf/utilities/pgfrcs.sty
(/usr/share/texmf-dist/tex/generic/pgf/utilities/pgfutil-common.tex
\pgfutil@everybye=\toks29
\pgfutil@tempdima=\dimen116
\pgfutil@tempdimb=\dimen117

(/usr/share/texmf-dist/tex/generic/pgf/utilities/pgfutil-common-lists.tex))
(/usr/share/texmf-dist/tex/generic/pgf/utilities/pgfutil-latex.def
\pgfutil@abb=\box28

(/usr/share/texmf-dist/tex/latex/ms/everyshi.sty
Package: everyshi 2001/05/15 v3.00 EveryShipout Package (MS)
))
(/usr/share/texmf-dist/tex/generic/pgf/utilities/pgfrcs.code.tex
Package: pgfrcs 2015/08/07 v3.0.1a (rcs-revision 1.31)
))
Package: pgf 2015/08/07 v3.0.1a (rcs-revision 1.15)

(/usr/share/texmf-dist/tex/latex/pgf/basiclayer/pgfcore.sty
(/usr/share/texmf-dist/tex/latex/graphics/graphicx.sty
Package: graphicx 2017/06/01 v1.1a Enhanced LaTeX Graphics (DPC,SPQR)

(/usr/share/texmf-dist/tex/latex/graphics/keyval.sty
Package: keyval 2014/10/28 v1.15 key=value parser (DPC)
\KV@toks@=\toks30
)
(/usr/share/texmf-dist/tex/latex/graphics/graphics.sty
Package: graphics 2017/06/25 v1.2c Standard LaTeX Graphics (DPC,SPQR)

(/usr/share/texmf-dist/tex/latex/graphics/trig.sty
Package: trig 2016/01/03 v1.10 sin cos tan (DPC)
)
(/usr/share/texmf-dist/tex/latex/graphics-cfg/graphics.cfg
File: graphics.cfg 2016/06/04 v1.11 sample graphics configuration
)
Package graphics Info: Driver file: pdftex.def on input line 99.
)
\Gin@req@height=\dimen118
\Gin@req@width=\dimen119
)
(/usr/share/texmf-dist/tex/latex/pgf/systemlayer/pgfsys.sty
(/usr/share/texmf-dist/tex/generic/pgf/systemlayer/pgfsys.code.tex
Package: pgfsys 2014/07/09 v3.0.1a (rcs-revision 1.48)

(/usr/share/texmf-dist/tex/generic/pgf/utilities/pgfkeys.code.tex
\pgfkeys@pathtoks=\toks31
\pgfkeys@temptoks=\toks32

(/usr/share/texmf-dist/tex/generic/pgf/utilities/pgfkeysfiltered.code.tex
\pgfkeys@tmptoks=\toks33
))
\pgf@x=\dimen120
\pgf@y=\dimen121
\pgf@xa=\dimen122
\pgf@ya=\dimen123
\pgf@xb=\dimen124
\pgf@yb=\dimen125
\pgf@xc=\dimen126
\pgf@yc=\dimen127
\w@pgf@writea=\write3
\r@pgf@reada=\read1
\c@pgf@counta=\count103
\c@pgf@countb=\count104
\c@pgf@countc=\count105
\c@pgf@countd=\count106
\t@pgf@toka=\toks34
\t@pgf@tokb=\toks35
\t@pgf@tokc=\toks36

(/usr/share/texmf-dist/tex/generic/pgf/systemlayer/pgf.cfg
File: pgf.cfg 2008/05/14  (rcs-revision 1.7)
)
Driver file for pgf: pgfsys-pdftex.def

(/usr/share/texmf-dist/tex/generic/pgf/systemlayer/pgfsys-pdftex.def
File: pgfsys-pdftex.def 2014/10/11  (rcs-revision 1.35)

(/usr/share/texmf-dist/tex/generic/pgf/systemlayer/pgfsys-common-pdf.def
File: pgfsys-common-pdf.def 2013/10/10  (rcs-revision 1.13)
)))
(/usr/share/texmf-dist/tex/generic/pgf/systemlayer/pgfsyssoftpath.code.tex
File: pgfsyssoftpath.code.tex 2013/09/09  (rcs-revision 1.9)
\pgfsyssoftpath@smallbuffer@items=\count107
\pgfsyssoftpath@bigbuffer@items=\count108
)
(/usr/share/texmf-dist/tex/generic/pgf/systemlayer/pgfsysprotocol.code.tex
File: pgfsysprotocol.code.tex 2006/10/16  (rcs-revision 1.4)
))
(/usr/share/texmf-dist/tex/generic/pgf/basiclayer/pgfcore.code.tex
Package: pgfcore 2010/04/11 v3.0.1a (rcs-revision 1.7)

(/usr/share/texmf-dist/tex/generic/pgf/math/pgfmath.code.tex
(/usr/share/texmf-dist/tex/generic/pgf/math/pgfmathcalc.code.tex
(/usr/share/texmf-dist/tex/generic/pgf/math/pgfmathutil.code.tex)
(/usr/share/texmf-dist/tex/generic/pgf/math/pgfmathparser.code.tex
\pgfmath@dimen=\dimen128
\pgfmath@count=\count109
\pgfmath@box=\box29
\pgfmath@toks=\toks37
\pgfmath@stack@operand=\toks38
\pgfmath@stack@operation=\toks39
)
(/usr/share/texmf-dist/tex/generic/pgf/math/pgfmathfunctions.code.tex
(/usr/share/texmf-dist/tex/generic/pgf/math/pgfmathfunctions.basic.code.tex)
(/usr/share/texmf-dist/tex/generic/pgf/math/pgfmathfunctions.trigonometric.code
.tex)
(/usr/share/texmf-dist/tex/generic/pgf/math/pgfmathfunctions.random.code.tex)
(/usr/share/texmf-dist/tex/generic/pgf/math/pgfmathfunctions.comparison.code.te
x) (/usr/share/texmf-dist/tex/generic/pgf/math/pgfmathfunctions.base.code.tex)
(/usr/share/texmf-dist/tex/generic/pgf/math/pgfmathfunctions.round.code.tex)
(/usr/share/texmf-dist/tex/generic/pgf/math/pgfmathfunctions.misc.code.tex)
(/usr/share/texmf-dist/tex/generic/pgf/math/pgfmathfunctions.integerarithmetics
.code.tex))) (/usr/share/texmf-dist/tex/generic/pgf/math/pgfmathfloat.code.tex
\c@pgfmathroundto@lastzeros=\count110
)) (/usr/share/texmf-dist/tex/generic/pgf/basiclayer/pgfcorepoints.code.tex
File: pgfcorepoints.code.tex 2013/10/07  (rcs-revision 1.27)
\pgf@picminx=\dimen129
\pgf@picmaxx=\dimen130
\pgf@picminy=\dimen131
\pgf@picmaxy=\dimen132
\pgf@pathminx=\dimen133
\pgf@pathmaxx=\dimen134
\pgf@pathminy=\dimen135
\pgf@pathmaxy=\dimen136
\pgf@xx=\dimen137
\pgf@xy=\dimen138
\pgf@yx=\dimen139
\pgf@yy=\dimen140
\pgf@zx=\dimen141
\pgf@zy=\dimen142
)
(/usr/share/texmf-dist/tex/generic/pgf/basiclayer/pgfcorepathconstruct.code.tex
File: pgfcorepathconstruct.code.tex 2013/10/07  (rcs-revision 1.29)
\pgf@path@lastx=\dimen143
\pgf@path@lasty=\dimen144
) (/usr/share/texmf-dist/tex/generic/pgf/basiclayer/pgfcorepathusage.code.tex
File: pgfcorepathusage.code.tex 2014/11/02  (rcs-revision 1.24)
\pgf@shorten@end@additional=\dimen145
\pgf@shorten@start@additional=\dimen146
)
(/usr/share/texmf-dist/tex/generic/pgf/basiclayer/pgfcorescopes.code.tex
File: pgfcorescopes.code.tex 2015/05/08  (rcs-revision 1.46)
\pgfpic=\box30
\pgf@hbox=\box31
\pgf@layerbox@main=\box32
\pgf@picture@serial@count=\count111
)
(/usr/share/texmf-dist/tex/generic/pgf/basiclayer/pgfcoregraphicstate.code.tex
File: pgfcoregraphicstate.code.tex 2014/11/02  (rcs-revision 1.12)
\pgflinewidth=\dimen147
)
(/usr/share/texmf-dist/tex/generic/pgf/basiclayer/pgfcoretransformations.code.t
ex
File: pgfcoretransformations.code.tex 2015/08/07  (rcs-revision 1.20)
\pgf@pt@x=\dimen148
\pgf@pt@y=\dimen149
\pgf@pt@temp=\dimen150
) (/usr/share/texmf-dist/tex/generic/pgf/basiclayer/pgfcorequick.code.tex
File: pgfcorequick.code.tex 2008/10/09  (rcs-revision 1.3)
)
(/usr/share/texmf-dist/tex/generic/pgf/basiclayer/pgfcoreobjects.code.tex
File: pgfcoreobjects.code.tex 2006/10/11  (rcs-revision 1.2)
)
(/usr/share/texmf-dist/tex/generic/pgf/basiclayer/pgfcorepathprocessing.code.te
x
File: pgfcorepathprocessing.code.tex 2013/09/09  (rcs-revision 1.9)
) (/usr/share/texmf-dist/tex/generic/pgf/basiclayer/pgfcorearrows.code.tex
File: pgfcorearrows.code.tex 2015/05/14  (rcs-revision 1.43)
\pgfarrowsep=\dimen151
)
(/usr/share/texmf-dist/tex/generic/pgf/basiclayer/pgfcoreshade.code.tex
File: pgfcoreshade.code.tex 2013/07/15  (rcs-revision 1.15)
\pgf@max=\dimen152
\pgf@sys@shading@range@num=\count112
)
(/usr/share/texmf-dist/tex/generic/pgf/basiclayer/pgfcoreimage.code.tex
File: pgfcoreimage.code.tex 2013/07/15  (rcs-revision 1.18)

(/usr/share/texmf-dist/tex/generic/pgf/basiclayer/pgfcoreexternal.code.tex
File: pgfcoreexternal.code.tex 2014/07/09  (rcs-revision 1.21)
\pgfexternal@startupbox=\box33
))
(/usr/share/texmf-dist/tex/generic/pgf/basiclayer/pgfcorelayers.code.tex
File: pgfcorelayers.code.tex 2013/07/18  (rcs-revision 1.7)
)
(/usr/share/texmf-dist/tex/generic/pgf/basiclayer/pgfcoretransparency.code.tex
File: pgfcoretransparency.code.tex 2013/09/30  (rcs-revision 1.5)
) (/usr/share/texmf-dist/tex/generic/pgf/basiclayer/pgfcorepatterns.code.tex
File: pgfcorepatterns.code.tex 2013/11/07  (rcs-revision 1.5)
)))
(/usr/share/texmf-dist/tex/generic/pgf/modules/pgfmoduleshapes.code.tex
File: pgfmoduleshapes.code.tex 2014/03/21  (rcs-revision 1.35)
\pgfnodeparttextbox=\box34
)
(/usr/share/texmf-dist/tex/generic/pgf/modules/pgfmoduleplot.code.tex
File: pgfmoduleplot.code.tex 2015/08/03  (rcs-revision 1.13)
)
(/usr/share/texmf-dist/tex/latex/pgf/compatibility/pgfcomp-version-0-65.sty
Package: pgfcomp-version-0-65 2007/07/03 v3.0.1a (rcs-revision 1.7)
\pgf@nodesepstart=\dimen153
\pgf@nodesepend=\dimen154
)
(/usr/share/texmf-dist/tex/latex/pgf/compatibility/pgfcomp-version-1-18.sty
Package: pgfcomp-version-1-18 2007/07/23 v3.0.1a (rcs-revision 1.1)
))
(/usr/share/texmf-dist/tex/latex/pgf/utilities/pgffor.sty
(/usr/share/texmf-dist/tex/latex/pgf/utilities/pgfkeys.sty
(/usr/share/texmf-dist/tex/generic/pgf/utilities/pgfkeys.code.tex))
(/usr/share/texmf-dist/tex/latex/pgf/math/pgfmath.sty
(/usr/share/texmf-dist/tex/generic/pgf/math/pgfmath.code.tex))
(/usr/share/texmf-dist/tex/generic/pgf/utilities/pgffor.code.tex
Package: pgffor 2013/12/13 v3.0.1a (rcs-revision 1.25)

(/usr/share/texmf-dist/tex/generic/pgf/math/pgfmath.code.tex)
\pgffor@iter=\dimen155
\pgffor@skip=\dimen156
\pgffor@stack=\toks40
\pgffor@toks=\toks41
))
(/usr/share/texmf-dist/tex/generic/pgf/frontendlayer/tikz/tikz.code.tex
Package: tikz 2015/08/07 v3.0.1a (rcs-revision 1.151)

(/usr/share/texmf-dist/tex/generic/pgf/libraries/pgflibraryplothandlers.code.te
x
File: pgflibraryplothandlers.code.tex 2013/08/31 v3.0.1a (rcs-revision 1.20)
\pgf@plot@mark@count=\count113
\pgfplotmarksize=\dimen157
)
\tikz@lastx=\dimen158
\tikz@lasty=\dimen159
\tikz@lastxsaved=\dimen160
\tikz@lastysaved=\dimen161
\tikzleveldistance=\dimen162
\tikzsiblingdistance=\dimen163
\tikz@figbox=\box35
\tikz@figbox@bg=\box36
\tikz@tempbox=\box37
\tikz@tempbox@bg=\box38
\tikztreelevel=\count114
\tikznumberofchildren=\count115
\tikznumberofcurrentchild=\count116
\tikz@fig@count=\count117
 (/usr/share/texmf-dist/tex/generic/pgf/modules/pgfmodulematrix.code.tex
File: pgfmodulematrix.code.tex 2013/09/17  (rcs-revision 1.8)
\pgfmatrixcurrentrow=\count118
\pgfmatrixcurrentcolumn=\count119
\pgf@matrix@numberofcolumns=\count120
)
\tikz@expandcount=\count121

(/usr/share/texmf-dist/tex/generic/pgf/frontendlayer/tikz/libraries/tikzlibrary
topaths.code.tex
File: tikzlibrarytopaths.code.tex 2008/06/17 v3.0.1a (rcs-revision 1.2)
))) (/usr/share/texmf-dist/tex/latex/doublestroke/dsfont.sty
Package: dsfont 1995/08/01 v0.1 Double stroke roman fonts
)
(/usr/share/texmf-dist/tex/latex/hyperref/hyperref.sty
Package: hyperref 2017/03/14 v6.85a Hypertext links for LaTeX

(/usr/share/texmf-dist/tex/generic/oberdiek/hobsub-hyperref.sty
Package: hobsub-hyperref 2016/05/16 v1.14 Bundle oberdiek, subset hyperref (HO)


(/usr/share/texmf-dist/tex/generic/oberdiek/hobsub-generic.sty
Package: hobsub-generic 2016/05/16 v1.14 Bundle oberdiek, subset generic (HO)
Package: hobsub 2016/05/16 v1.14 Construct package bundles (HO)
Package: infwarerr 2016/05/16 v1.4 Providing info/warning/error messages (HO)
Package: ltxcmds 2016/05/16 v1.23 LaTeX kernel commands for general use (HO)
Package: ifluatex 2016/05/16 v1.4 Provides the ifluatex switch (HO)
Package ifluatex Info: LuaTeX not detected.
Package: ifvtex 2016/05/16 v1.6 Detect VTeX and its facilities (HO)
Package ifvtex Info: VTeX not detected.
Package: intcalc 2016/05/16 v1.2 Expandable calculations with integers (HO)
Package: ifpdf 2017/03/15 v3.2 Provides the ifpdf switch
Package: etexcmds 2016/05/16 v1.6 Avoid name clashes with e-TeX commands (HO)
Package etexcmds Info: Could not find \expanded.
(etexcmds)             That can mean that you are not using pdfTeX 1.50 or
(etexcmds)             that some package has redefined \expanded.
(etexcmds)             In the latter case, load this package earlier.
Package: kvsetkeys 2016/05/16 v1.17 Key value parser (HO)
Package: kvdefinekeys 2016/05/16 v1.4 Define keys (HO)
Package: pdftexcmds 2017/03/19 v0.25 Utility functions of pdfTeX for LuaTeX (HO
)
Package pdftexcmds Info: LuaTeX not detected.
Package pdftexcmds Info: \pdf@primitive is available.
Package pdftexcmds Info: \pdf@ifprimitive is available.
Package pdftexcmds Info: \pdfdraftmode found.
Package: pdfescape 2016/05/16 v1.14 Implements pdfTeX's escape features (HO)
Package: bigintcalc 2016/05/16 v1.4 Expandable calculations on big integers (HO
)
Package: bitset 2016/05/16 v1.2 Handle bit-vector datatype (HO)
Package: uniquecounter 2016/05/16 v1.3 Provide unlimited unique counter (HO)
)
Package hobsub Info: Skipping package `hobsub' (already loaded).
Package: letltxmacro 2016/05/16 v1.5 Let assignment for LaTeX macros (HO)
Package: hopatch 2016/05/16 v1.3 Wrapper for package hooks (HO)
Package: xcolor-patch 2016/05/16 xcolor patch
Package: atveryend 2016/05/16 v1.9 Hooks at the very end of document (HO)
Package atveryend Info: \enddocument detected (standard20110627).
Package: atbegshi 2016/06/09 v1.18 At begin shipout hook (HO)
Package: refcount 2016/05/16 v3.5 Data extraction from label references (HO)
Package: hycolor 2016/05/16 v1.8 Color options for hyperref/bookmark (HO)
)
(/usr/share/texmf-dist/tex/generic/ifxetex/ifxetex.sty
Package: ifxetex 2010/09/12 v0.6 Provides ifxetex conditional
)
(/usr/share/texmf-dist/tex/latex/oberdiek/auxhook.sty
Package: auxhook 2016/05/16 v1.4 Hooks for auxiliary files (HO)
)
(/usr/share/texmf-dist/tex/latex/oberdiek/kvoptions.sty
Package: kvoptions 2016/05/16 v3.12 Key value format for package options (HO)
)
\@linkdim=\dimen164
\Hy@linkcounter=\count122
\Hy@pagecounter=\count123

(/usr/share/texmf-dist/tex/latex/hyperref/pd1enc.def
File: pd1enc.def 2017/03/14 v6.85a Hyperref: PDFDocEncoding definition (HO)
Now handling font encoding PD1 ...
... no UTF-8 mapping file for font encoding PD1
)
\Hy@SavedSpaceFactor=\count124

(/usr/share/texmf-dist/tex/latex/latexconfig/hyperref.cfg
File: hyperref.cfg 2002/06/06 v1.2 hyperref configuration of TeXLive
)
Package hyperref Info: Hyper figures OFF on input line 4498.
Package hyperref Info: Link nesting OFF on input line 4503.
Package hyperref Info: Hyper index ON on input line 4506.
Package hyperref Info: Plain pages OFF on input line 4513.
Package hyperref Info: Backreferencing OFF on input line 4518.
Package hyperref Info: Implicit mode ON; LaTeX internals redefined.
Package hyperref Info: Bookmarks ON on input line 4751.
\c@Hy@tempcnt=\count125
LaTeX Info: Redefining \url on input line 5104.
\XeTeXLinkMargin=\dimen165
\Fld@menulength=\count126
\Field@Width=\dimen166
\Fld@charsize=\dimen167
Package hyperref Info: Hyper figures OFF on input line 6358.
Package hyperref Info: Link nesting OFF on input line 6363.
Package hyperref Info: Hyper index ON on input line 6366.
Package hyperref Info: backreferencing OFF on input line 6373.
Package hyperref Info: Link coloring OFF on input line 6378.
Package hyperref Info: Link coloring with OCG OFF on input line 6383.
Package hyperref Info: PDF/A mode OFF on input line 6388.
LaTeX Info: Redefining \ref on input line 6428.
LaTeX Info: Redefining \pageref on input line 6432.
\Hy@abspage=\count127
\c@Item=\count128
\c@Hfootnote=\count129
)

Package hyperref Message: Driver (autodetected): hpdftex.

(/usr/share/texmf-dist/tex/latex/hyperref/hpdftex.def
File: hpdftex.def 2017/03/14 v6.85a Hyperref driver for pdfTeX
\Fld@listcount=\count130
\c@bookmark@seq@number=\count131

(/usr/share/texmf-dist/tex/latex/oberdiek/rerunfilecheck.sty
Package: rerunfilecheck 2016/05/16 v1.8 Rerun checks for auxiliary files (HO)
Package uniquecounter Info: New unique counter `rerunfilecheck' on input line 2
82.
)
\Hy@SectionHShift=\skip53
)
(/usr/share/texmf-dist/tex/latex/float/float.sty
Package: float 2001/11/08 v1.3d Float enhancements (AL)
\c@float@type=\count132
\float@exts=\toks42
\float@box=\box39
\@float@everytoks=\toks43
\@floatcapt=\box40
)
(/usr/share/texmf-dist/tex/latex/listings/listings.sty
\lst@mode=\count133
\lst@gtempboxa=\box41
\lst@token=\toks44
\lst@length=\count134
\lst@currlwidth=\dimen168
\lst@column=\count135
\lst@pos=\count136
\lst@lostspace=\dimen169
\lst@width=\dimen170
\lst@newlines=\count137
\lst@lineno=\count138
\lst@maxwidth=\dimen171

(/usr/share/texmf-dist/tex/latex/listings/lstmisc.sty
File: lstmisc.sty 2015/06/04 1.6 (Carsten Heinz)
\c@lstnumber=\count139
\lst@skipnumbers=\count140
\lst@framebox=\box42
)
(/usr/share/texmf-dist/tex/latex/listings/listings.cfg
File: listings.cfg 2015/06/04 1.6 listings configuration
))
Package: listings 2015/06/04 1.6 (Carsten Heinz)

(/usr/share/texmf-dist/tex/latex/fancyhdr/fancyhdr.sty
Package: fancyhdr 2017/06/30 v3.9a Extensive control of page headers and footer
s
\f@nch@headwidth=\skip54
\f@nch@O@elh=\skip55
\f@nch@O@erh=\skip56
\f@nch@O@olh=\skip57
\f@nch@O@orh=\skip58
\f@nch@O@elf=\skip59
\f@nch@O@erf=\skip60
\f@nch@O@olf=\skip61
\f@nch@O@orf=\skip62
))

LaTeX Warning: Unused global option(s):
    [paper=a4,fontsize=11pt].

(./nuevoProyecto.aux
LaTeX Info: Redefining \. on input line 23.
LaTeX Info: Redefining \% on input line 23.
)
\openout1 = `nuevoProyecto.aux'.

LaTeX Font Info:    Checking defaults for OML/cmm/m/it on input line 27.
LaTeX Font Info:    ... okay on input line 27.
LaTeX Font Info:    Checking defaults for T1/cmr/m/n on input line 27.
LaTeX Font Info:    ... okay on input line 27.
LaTeX Font Info:    Checking defaults for OT1/cmr/m/n on input line 27.
LaTeX Font Info:    ... okay on input line 27.
LaTeX Font Info:    Checking defaults for OMS/cmsy/m/n on input line 27.
LaTeX Font Info:    ... okay on input line 27.
LaTeX Font Info:    Checking defaults for OMX/cmex/m/n on input line 27.
LaTeX Font Info:    ... okay on input line 27.
LaTeX Font Info:    Checking defaults for U/cmr/m/n on input line 27.
LaTeX Font Info:    ... okay on input line 27.
LaTeX Font Info:    Checking defaults for FML/futm/m/it on input line 27.
LaTeX Font Info:    Try loading font information for FML+futm on input line 27.

 (/var/lib/texmf/tex/latex/fourier/fmlfutm.fd
File: fmlfutm.fd 2004/10/30 Fontinst v1.926 font definitions for FML/futm.
)
LaTeX Font Info:    ... okay on input line 27.
LaTeX Font Info:    Checking defaults for FMS/futm/m/n on input line 27.
LaTeX Font Info:    Try loading font information for FMS+futm on input line 27.


(/var/lib/texmf/tex/latex/fourier/fmsfutm.fd
File: fmsfutm.fd 2004/10/30 Fontinst v1.926 font definitions for FMS/futm.
)
LaTeX Font Info:    ... okay on input line 27.
LaTeX Font Info:    Checking defaults for FMX/futm/m/n on input line 27.
LaTeX Font Info:    Try loading font information for FMX+futm on input line 27.


(/var/lib/texmf/tex/latex/fourier/fmxfutm.fd
File: fmxfutm.fd futm-extension
)
LaTeX Font Info:    ... okay on input line 27.
LaTeX Font Info:    Checking defaults for TS1/cmr/m/n on input line 27.
LaTeX Font Info:    Try loading font information for TS1+cmr on input line 27.

(/usr/share/texmf-dist/tex/latex/base/ts1cmr.fd
File: ts1cmr.fd 2014/09/29 v2.5h Standard LaTeX font definitions
)
LaTeX Font Info:    ... okay on input line 27.
LaTeX Font Info:    Checking defaults for PD1/pdf/m/n on input line 27.
LaTeX Font Info:    ... okay on input line 27.
LaTeX Font Info:    Try loading font information for T1+futs on input line 27.

(/var/lib/texmf/tex/latex/fourier/t1futs.fd
File: t1futs.fd 2004/03/02 Fontinst v1.926 font definitions for T1/futs.
)
LaTeX Info: Redefining \. on input line 27.
LaTeX Info: Redefining \% on input line 27.

(/usr/share/texmf-dist/tex/context/base/mkii/supp-pdf.mkii
[Loading MPS to PDF converter (version 2006.09.02).]
\scratchcounter=\count141
\scratchdimen=\dimen172
\scratchbox=\box43
\nofMPsegments=\count142
\nofMParguments=\count143
\everyMPshowfont=\toks45
\MPscratchCnt=\count144
\MPscratchDim=\dimen173
\MPnumerator=\count145
\makeMPintoPDFobject=\count146
\everyMPtoPDFconversion=\toks46
) (/usr/share/texmf-dist/tex/latex/oberdiek/epstopdf-base.sty
Package: epstopdf-base 2016/05/15 v2.6 Base part for package epstopdf

(/usr/share/texmf-dist/tex/latex/oberdiek/grfext.sty
Package: grfext 2016/05/16 v1.2 Manage graphics extensions (HO)
)
Package epstopdf-base Info: Redefining graphics rule for `.eps' on input line 4
38.
Package grfext Info: Graphics extension search list:
(grfext)             [.pdf,.png,.jpg,.mps,.jpeg,.jbig2,.jb2,.PDF,.PNG,.JPG,.JPE
G,.JBIG2,.JB2,.eps]
(grfext)             \AppendGraphicsExtensions on input line 456.

(/usr/share/texmf-dist/tex/latex/latexconfig/epstopdf-sys.cfg
File: epstopdf-sys.cfg 2010/07/13 v1.3 Configuration of (r)epstopdf for TeX Liv
e
))
ABD: EveryShipout initializing macros
\AtBeginShipoutBox=\box44
Package hyperref Info: Link coloring OFF on input line 27.

(/usr/share/texmf-dist/tex/latex/hyperref/nameref.sty
Package: nameref 2016/05/21 v2.44 Cross-referencing by name of section

(/usr/share/texmf-dist/tex/generic/oberdiek/gettitlestring.sty
Package: gettitlestring 2016/05/16 v1.5 Cleanup title references (HO)
)
\c@section@level=\count147
)
LaTeX Info: Redefining \ref on input line 27.
LaTeX Info: Redefining \pageref on input line 27.
LaTeX Info: Redefining \nameref on input line 27.

(./nuevoProyecto.out) (./nuevoProyecto.out)
\@outlinefile=\write4
\openout4 = `nuevoProyecto.out'.

\c@lstlisting=\count148
LaTeX Font Info:    Font shape `T1/futs/bx/sc' in size <10> not available
(Font)              Font shape `T1/futs/b/sc' tried instead on input line 34.
<image/ugr.png, id=87, 521.7894pt x 521.7894pt>
File: image/ugr.png Graphic file (type png)
<use image/ugr.png>
Package pdftex.def Info: image/ugr.png  used on input line 34. on input line 34
.
Package pdftex.def Info: Requested size: 260.89406pt x 260.89406pt on input lin
e 34.
LaTeX Font Info:    Try loading font information for FML+futmi on input line 34
.

(/var/lib/texmf/tex/latex/fourier/fmlfutmi.fd
File: fmlfutmi.fd 2004/10/30 Fontinst v1.926 font definitions for FML/futmi.
)
LaTeX Font Info:    Font shape `FMX/futm/m/n' will be
(Font)              scaled to size 11.03998pt on input line 34.
LaTeX Font Info:    Font shape `FMX/futm/m/n' will be
(Font)              scaled to size 8.27998pt on input line 34.
LaTeX Font Info:    Font shape `FMX/futm/m/n' will be
(Font)              scaled to size 6.43999pt on input line 34.
LaTeX Font Info:    Font shape `U/futm/m/n' will be
(Font)              scaled to size 11.03998pt on input line 34.
LaTeX Font Info:    Font shape `U/futm/m/n' will be
(Font)              scaled to size 8.27998pt on input line 34.
LaTeX Font Info:    Font shape `U/futm/m/n' will be
(Font)              scaled to size 6.43999pt on input line 34.
LaTeX Font Info:    Try loading font information for U+msa on input line 34.

(/usr/share/texmf-dist/tex/latex/amsfonts/umsa.fd
File: umsa.fd 2013/01/14 v3.01 AMS symbols A
)
LaTeX Font Info:    Try loading font information for U+msb on input line 34.

(/usr/share/texmf-dist/tex/latex/amsfonts/umsb.fd
File: umsb.fd 2013/01/14 v3.01 AMS symbols B
)
Package babel Info: Redefining spanish shorthand <<
(babel)             in language  on input line 34.
Package babel Info: Redefining spanish shorthand >>
(babel)             in language  on input line 34.
Package babel Info: Redefining spanish shorthand "=
(babel)             in language  on input line 34.
Package babel Info: Redefining spanish shorthand "~
(babel)             in language  on input line 34.
Package babel Info: Redefining spanish shorthand "!
(babel)             in language  on input line 34.
Package babel Info: Redefining spanish shorthand "?
(babel)             in language  on input line 34.
Package babel Info: Redefining spanish shorthand <<
(babel)             in language  on input line 34.
Package babel Info: Redefining spanish shorthand >>
(babel)             in language  on input line 34.
Package babel Info: Redefining spanish shorthand "=
(babel)             in language  on input line 34.
Package babel Info: Redefining spanish shorthand "~
(babel)             in language  on input line 34.
Package babel Info: Redefining spanish shorthand "!
(babel)             in language  on input line 34.
Package babel Info: Redefining spanish shorthand "?
(babel)             in language  on input line 34.
 [1


]
Package babel Info: Redefining spanish shorthand <<
(babel)             in language  on input line 34.
Package babel Info: Redefining spanish shorthand >>
(babel)             in language  on input line 34.
Package babel Info: Redefining spanish shorthand "=
(babel)             in language  on input line 34.
Package babel Info: Redefining spanish shorthand "~
(babel)             in language  on input line 34.
Package babel Info: Redefining spanish shorthand "!
(babel)             in language  on input line 34.
Package babel Info: Redefining spanish shorthand "?
(babel)             in language  on input line 34.
Package babel Info: Redefining spanish shorthand <<
(babel)             in language  on input line 34.
Package babel Info: Redefining spanish shorthand >>
(babel)             in language  on input line 34.
Package babel Info: Redefining spanish shorthand "=
(babel)             in language  on input line 34.
Package babel Info: Redefining spanish shorthand "~
(babel)             in language  on input line 34.
Package babel Info: Redefining spanish shorthand "!
(babel)             in language  on input line 34.
Package babel Info: Redefining spanish shorthand "?
(babel)             in language  on input line 34.
 [2{/home/mcmay/.texlive/texmf-var/fonts/map/pdftex/updmap/pdftex.map} <./image
/ugr.png>]
LaTeX Font Info:    Font shape `T1/futs/bx/n' in size <24.88> not available
(Font)              Font shape `T1/futs/b/n' tried instead on input line 37.

(./nuevoProyecto.toc
LaTeX Info: Redefining \. on input line 1.
LaTeX Info: Redefining \% on input line 1.
LaTeX Font Info:    Font shape `T1/futs/bx/n' in size <10> not available
(Font)              Font shape `T1/futs/b/n' tried instead on input line 2.
LaTeX Font Info:    Font shape `FMX/futm/m/n' will be
(Font)              scaled to size 9.19998pt on input line 3.
LaTeX Font Info:    Font shape `FMX/futm/m/n' will be
(Font)              scaled to size 6.99199pt on input line 3.
LaTeX Font Info:    Font shape `FMX/futm/m/n' will be
(Font)              scaled to size 5.51999pt on input line 3.
LaTeX Font Info:    Font shape `U/futm/m/n' will be
(Font)              scaled to size 9.19998pt on input line 3.
LaTeX Font Info:    Font shape `U/futm/m/n' will be
(Font)              scaled to size 6.99199pt on input line 3.
LaTeX Font Info:    Font shape `U/futm/m/n' will be
(Font)              scaled to size 5.51999pt on input line 3.
)
\tf@toc=\write5
\openout5 = `nuevoProyecto.toc'.

Package babel Info: Redefining spanish shorthand <<
(babel)             in language  on input line 47.
Package babel Info: Redefining spanish shorthand >>
(babel)             in language  on input line 47.
Package babel Info: Redefining spanish shorthand "=
(babel)             in language  on input line 47.
Package babel Info: Redefining spanish shorthand "~
(babel)             in language  on input line 47.
Package babel Info: Redefining spanish shorthand "!
(babel)             in language  on input line 47.
Package babel Info: Redefining spanish shorthand "?
(babel)             in language  on input line 47.
Package babel Info: Redefining spanish shorthand <<
(babel)             in language  on input line 47.
Package babel Info: Redefining spanish shorthand >>
(babel)             in language  on input line 47.
Package babel Info: Redefining spanish shorthand "=
(babel)             in language  on input line 47.
Package babel Info: Redefining spanish shorthand "~
(babel)             in language  on input line 47.
Package babel Info: Redefining spanish shorthand "!
(babel)             in language  on input line 47.
Package babel Info: Redefining spanish shorthand "?
(babel)             in language  on input line 47.
 [3

]
Package babel Info: Redefining spanish shorthand <<
(babel)             in language  on input line 53.
Package babel Info: Redefining spanish shorthand >>
(babel)             in language  on input line 53.
Package babel Info: Redefining spanish shorthand "=
(babel)             in language  on input line 53.
Package babel Info: Redefining spanish shorthand "~
(babel)             in language  on input line 53.
Package babel Info: Redefining spanish shorthand "!
(babel)             in language  on input line 53.
Package babel Info: Redefining spanish shorthand "?
(babel)             in language  on input line 53.
Package babel Info: Redefining spanish shorthand <<
(babel)             in language  on input line 53.
Package babel Info: Redefining spanish shorthand >>
(babel)             in language  on input line 53.
Package babel Info: Redefining spanish shorthand "=
(babel)             in language  on input line 53.
Package babel Info: Redefining spanish shorthand "~
(babel)             in language  on input line 53.
Package babel Info: Redefining spanish shorthand "!
(babel)             in language  on input line 53.
Package babel Info: Redefining spanish shorthand "?
(babel)             in language  on input line 53.
 [4

]
Cap\'{\i }tulo 1.
Package babel Info: Redefining spanish shorthand <<
(babel)             in language  on input line 53.
Package babel Info: Redefining spanish shorthand >>
(babel)             in language  on input line 53.
Package babel Info: Redefining spanish shorthand "=
(babel)             in language  on input line 53.
Package babel Info: Redefining spanish shorthand "~
(babel)             in language  on input line 53.
Package babel Info: Redefining spanish shorthand "!
(babel)             in language  on input line 53.
Package babel Info: Redefining spanish shorthand "?
(babel)             in language  on input line 53.
LaTeX Font Info:    Font shape `T1/futs/bx/n' in size <20.74> not available
(Font)              Font shape `T1/futs/b/n' tried instead on input line 53.
LaTeX Font Info:    Font shape `T1/futs/bx/n' in size <14.4> not available
(Font)              Font shape `T1/futs/b/n' tried instead on input line 55.
Package babel Info: Redefining spanish shorthand <<
(babel)             in language  on input line 55.
Package babel Info: Redefining spanish shorthand >>
(babel)             in language  on input line 55.
Package babel Info: Redefining spanish shorthand "=
(babel)             in language  on input line 55.
Package babel Info: Redefining spanish shorthand "~
(babel)             in language  on input line 55.
Package babel Info: Redefining spanish shorthand "!
(babel)             in language  on input line 55.
Package babel Info: Redefining spanish shorthand "?
(babel)             in language  on input line 55.

Underfull \hbox (badness 10000) in paragraph at lines 57--58

 []


Underfull \hbox (badness 10000) in paragraph at lines 64--65

 []

Package babel Info: Redefining spanish shorthand <<
(babel)             in language  on input line 71.
Package babel Info: Redefining spanish shorthand >>
(babel)             in language  on input line 71.
Package babel Info: Redefining spanish shorthand "=
(babel)             in language  on input line 71.
Package babel Info: Redefining spanish shorthand "~
(babel)             in language  on input line 71.
Package babel Info: Redefining spanish shorthand "!
(babel)             in language  on input line 71.
Package babel Info: Redefining spanish shorthand "?
(babel)             in language  on input line 71.
Package babel Info: Redefining spanish shorthand <<
(babel)             in language  on input line 71.
Package babel Info: Redefining spanish shorthand >>
(babel)             in language  on input line 71.
Package babel Info: Redefining spanish shorthand "=
(babel)             in language  on input line 71.
Package babel Info: Redefining spanish shorthand "~
(babel)             in language  on input line 71.
Package babel Info: Redefining spanish shorthand "!
(babel)             in language  on input line 71.
Package babel Info: Redefining spanish shorthand "?
(babel)             in language  on input line 71.
[5]
Package babel Info: Redefining spanish shorthand <<
(babel)             in language  on input line 71.
Package babel Info: Redefining spanish shorthand >>
(babel)             in language  on input line 71.
Package babel Info: Redefining spanish shorthand "=
(babel)             in language  on input line 71.
Package babel Info: Redefining spanish shorthand "~
(babel)             in language  on input line 71.
Package babel Info: Redefining spanish shorthand "!
(babel)             in language  on input line 71.
Package babel Info: Redefining spanish shorthand "?
(babel)             in language  on input line 71.

Underfull \hbox (badness 10000) in paragraph at lines 76--77

 []

LaTeX Font Info:    Try loading font information for TS1+futs on input line 79.

(/var/lib/texmf/tex/latex/fourier/ts1futs.fd
File: ts1futs.fd 2004/03/26 Fontinst v1.926 font definitions for TS1/futs.
)
Package babel Info: Redefining spanish shorthand <<
(babel)             in language  on input line 99.
Package babel Info: Redefining spanish shorthand >>
(babel)             in language  on input line 99.
Package babel Info: Redefining spanish shorthand "=
(babel)             in language  on input line 99.
Package babel Info: Redefining spanish shorthand "~
(babel)             in language  on input line 99.
Package babel Info: Redefining spanish shorthand "!
(babel)             in language  on input line 99.
Package babel Info: Redefining spanish shorthand "?
(babel)             in language  on input line 99.

Underfull \hbox (badness 10000) in paragraph at lines 101--102

 []

Package babel Info: Redefining spanish shorthand <<
(babel)             in language  on input line 102.
Package babel Info: Redefining spanish shorthand >>
(babel)             in language  on input line 102.
Package babel Info: Redefining spanish shorthand "=
(babel)             in language  on input line 102.
Package babel Info: Redefining spanish shorthand "~
(babel)             in language  on input line 102.
Package babel Info: Redefining spanish shorthand "!
(babel)             in language  on input line 102.
Package babel Info: Redefining spanish shorthand "?
(babel)             in language  on input line 102.
Package babel Info: Redefining spanish shorthand <<
(babel)             in language  on input line 102.
Package babel Info: Redefining spanish shorthand >>
(babel)             in language  on input line 102.
Package babel Info: Redefining spanish shorthand "=
(babel)             in language  on input line 102.
Package babel Info: Redefining spanish shorthand "~
(babel)             in language  on input line 102.
Package babel Info: Redefining spanish shorthand "!
(babel)             in language  on input line 102.
Package babel Info: Redefining spanish shorthand "?
(babel)             in language  on input line 102.
[6]
Package babel Info: Redefining spanish shorthand <<
(babel)             in language  on input line 105.
Package babel Info: Redefining spanish shorthand >>
(babel)             in language  on input line 105.
Package babel Info: Redefining spanish shorthand "=
(babel)             in language  on input line 105.
Package babel Info: Redefining spanish shorthand "~
(babel)             in language  on input line 105.
Package babel Info: Redefining spanish shorthand "!
(babel)             in language  on input line 105.
Package babel Info: Redefining spanish shorthand "?
(babel)             in language  on input line 105.

Underfull \hbox (badness 10000) in paragraph at lines 107--108

 []


Underfull \hbox (badness 10000) in paragraph at lines 109--110

 []


Underfull \hbox (badness 10000) in paragraph at lines 111--112

 []


Underfull \hbox (badness 10000) in paragraph at lines 113--114

 []


Underfull \hbox (badness 10000) in paragraph at lines 115--116

 []

Package babel Info: Redefining spanish shorthand <<
(babel)             in language  on input line 117.
Package babel Info: Redefining spanish shorthand >>
(babel)             in language  on input line 117.
Package babel Info: Redefining spanish shorthand "=
(babel)             in language  on input line 117.
Package babel Info: Redefining spanish shorthand "~
(babel)             in language  on input line 117.
Package babel Info: Redefining spanish shorthand "!
(babel)             in language  on input line 117.
Package babel Info: Redefining spanish shorthand "?
(babel)             in language  on input line 117.
Package babel Info: Redefining spanish shorthand <<
(babel)             in language  on input line 117.
Package babel Info: Redefining spanish shorthand >>
(babel)             in language  on input line 117.
Package babel Info: Redefining spanish shorthand "=
(babel)             in language  on input line 117.
Package babel Info: Redefining spanish shorthand "~
(babel)             in language  on input line 117.
Package babel Info: Redefining spanish shorthand "!
(babel)             in language  on input line 117.
Package babel Info: Redefining spanish shorthand "?
(babel)             in language  on input line 117.
[7]
Package babel Info: Redefining spanish shorthand <<
(babel)             in language  on input line 118.
Package babel Info: Redefining spanish shorthand >>
(babel)             in language  on input line 118.
Package babel Info: Redefining spanish shorthand "=
(babel)             in language  on input line 118.
Package babel Info: Redefining spanish shorthand "~
(babel)             in language  on input line 118.
Package babel Info: Redefining spanish shorthand "!
(babel)             in language  on input line 118.
Package babel Info: Redefining spanish shorthand "?
(babel)             in language  on input line 118.
Package babel Info: Redefining spanish shorthand <<
(babel)             in language  on input line 118.
Package babel Info: Redefining spanish shorthand >>
(babel)             in language  on input line 118.
Package babel Info: Redefining spanish shorthand "=
(babel)             in language  on input line 118.
Package babel Info: Redefining spanish shorthand "~
(babel)             in language  on input line 118.
Package babel Info: Redefining spanish shorthand "!
(babel)             in language  on input line 118.
Package babel Info: Redefining spanish shorthand "?
(babel)             in language  on input line 118.
 [8

]
Cap\'{\i }tulo 2.
Package babel Info: Redefining spanish shorthand <<
(babel)             in language  on input line 118.
Package babel Info: Redefining spanish shorthand >>
(babel)             in language  on input line 118.
Package babel Info: Redefining spanish shorthand "=
(babel)             in language  on input line 118.
Package babel Info: Redefining spanish shorthand "~
(babel)             in language  on input line 118.
Package babel Info: Redefining spanish shorthand "!
(babel)             in language  on input line 118.
Package babel Info: Redefining spanish shorthand "?
(babel)             in language  on input line 118.
Package babel Info: Redefining spanish shorthand <<
(babel)             in language  on input line 119.
Package babel Info: Redefining spanish shorthand >>
(babel)             in language  on input line 119.
Package babel Info: Redefining spanish shorthand "=
(babel)             in language  on input line 119.
Package babel Info: Redefining spanish shorthand "~
(babel)             in language  on input line 119.
Package babel Info: Redefining spanish shorthand "!
(babel)             in language  on input line 119.
Package babel Info: Redefining spanish shorthand "?
(babel)             in language  on input line 119.

Underfull \hbox (badness 10000) in paragraph at lines 121--122

 []


Underfull \hbox (badness 10000) in paragraph at lines 131--132

 []


Underfull \hbox (badness 10000) in paragraph at lines 133--134

 []

Package babel Info: Redefining spanish shorthand <<
(babel)             in language  on input line 135.
Package babel Info: Redefining spanish shorthand >>
(babel)             in language  on input line 135.
Package babel Info: Redefining spanish shorthand "=
(babel)             in language  on input line 135.
Package babel Info: Redefining spanish shorthand "~
(babel)             in language  on input line 135.
Package babel Info: Redefining spanish shorthand "!
(babel)             in language  on input line 135.
Package babel Info: Redefining spanish shorthand "?
(babel)             in language  on input line 135.
Package babel Info: Redefining spanish shorthand <<
(babel)             in language  on input line 135.
Package babel Info: Redefining spanish shorthand >>
(babel)             in language  on input line 135.
Package babel Info: Redefining spanish shorthand "=
(babel)             in language  on input line 135.
Package babel Info: Redefining spanish shorthand "~
(babel)             in language  on input line 135.
Package babel Info: Redefining spanish shorthand "!
(babel)             in language  on input line 135.
Package babel Info: Redefining spanish shorthand "?
(babel)             in language  on input line 135.
[9]
Underfull \hbox (badness 10000) in paragraph at lines 135--137

 []

Package babel Info: Redefining spanish shorthand <<
(babel)             in language  on input line 146.
Package babel Info: Redefining spanish shorthand >>
(babel)             in language  on input line 146.
Package babel Info: Redefining spanish shorthand "=
(babel)             in language  on input line 146.
Package babel Info: Redefining spanish shorthand "~
(babel)             in language  on input line 146.
Package babel Info: Redefining spanish shorthand "!
(babel)             in language  on input line 146.
Package babel Info: Redefining spanish shorthand "?
(babel)             in language  on input line 146.
Package babel Info: Redefining spanish shorthand <<
(babel)             in language  on input line 150.
Package babel Info: Redefining spanish shorthand >>
(babel)             in language  on input line 150.
Package babel Info: Redefining spanish shorthand "=
(babel)             in language  on input line 150.
Package babel Info: Redefining spanish shorthand "~
(babel)             in language  on input line 150.
Package babel Info: Redefining spanish shorthand "!
(babel)             in language  on input line 150.
Package babel Info: Redefining spanish shorthand "?
(babel)             in language  on input line 150.
Package babel Info: Redefining spanish shorthand <<
(babel)             in language  on input line 155.
Package babel Info: Redefining spanish shorthand >>
(babel)             in language  on input line 155.
Package babel Info: Redefining spanish shorthand "=
(babel)             in language  on input line 155.
Package babel Info: Redefining spanish shorthand "~
(babel)             in language  on input line 155.
Package babel Info: Redefining spanish shorthand "!
(babel)             in language  on input line 155.
Package babel Info: Redefining spanish shorthand "?
(babel)             in language  on input line 155.
Package babel Info: Redefining spanish shorthand <<
(babel)             in language  on input line 155.
Package babel Info: Redefining spanish shorthand >>
(babel)             in language  on input line 155.
Package babel Info: Redefining spanish shorthand "=
(babel)             in language  on input line 155.
Package babel Info: Redefining spanish shorthand "~
(babel)             in language  on input line 155.
Package babel Info: Redefining spanish shorthand "!
(babel)             in language  on input line 155.
Package babel Info: Redefining spanish shorthand "?
(babel)             in language  on input line 155.
[10]
Package babel Info: Redefining spanish shorthand <<
(babel)             in language  on input line 156.
Package babel Info: Redefining spanish shorthand >>
(babel)             in language  on input line 156.
Package babel Info: Redefining spanish shorthand "=
(babel)             in language  on input line 156.
Package babel Info: Redefining spanish shorthand "~
(babel)             in language  on input line 156.
Package babel Info: Redefining spanish shorthand "!
(babel)             in language  on input line 156.
Package babel Info: Redefining spanish shorthand "?
(babel)             in language  on input line 156.

Underfull \hbox (badness 10000) in paragraph at lines 158--160

 []


Underfull \hbox (badness 10000) in paragraph at lines 161--163

 []

Package babel Info: Redefining spanish shorthand <<
(babel)             in language  on input line 164.
Package babel Info: Redefining spanish shorthand >>
(babel)             in language  on input line 164.
Package babel Info: Redefining spanish shorthand "=
(babel)             in language  on input line 164.
Package babel Info: Redefining spanish shorthand "~
(babel)             in language  on input line 164.
Package babel Info: Redefining spanish shorthand "!
(babel)             in language  on input line 164.
Package babel Info: Redefining spanish shorthand "?
(babel)             in language  on input line 164.
Package babel Info: Redefining spanish shorthand <<
(babel)             in language  on input line 168.
Package babel Info: Redefining spanish shorthand >>
(babel)             in language  on input line 168.
Package babel Info: Redefining spanish shorthand "=
(babel)             in language  on input line 168.
Package babel Info: Redefining spanish shorthand "~
(babel)             in language  on input line 168.
Package babel Info: Redefining spanish shorthand "!
(babel)             in language  on input line 168.
Package babel Info: Redefining spanish shorthand "?
(babel)             in language  on input line 168.
Package babel Info: Redefining spanish shorthand <<
(babel)             in language  on input line 168.
Package babel Info: Redefining spanish shorthand >>
(babel)             in language  on input line 168.
Package babel Info: Redefining spanish shorthand "=
(babel)             in language  on input line 168.
Package babel Info: Redefining spanish shorthand "~
(babel)             in language  on input line 168.
Package babel Info: Redefining spanish shorthand "!
(babel)             in language  on input line 168.
Package babel Info: Redefining spanish shorthand "?
(babel)             in language  on input line 168.
[11]
Package babel Info: Redefining spanish shorthand <<
(babel)             in language  on input line 174.
Package babel Info: Redefining spanish shorthand >>
(babel)             in language  on input line 174.
Package babel Info: Redefining spanish shorthand "=
(babel)             in language  on input line 174.
Package babel Info: Redefining spanish shorthand "~
(babel)             in language  on input line 174.
Package babel Info: Redefining spanish shorthand "!
(babel)             in language  on input line 174.
Package babel Info: Redefining spanish shorthand "?
(babel)             in language  on input line 174.

Underfull \hbox (badness 10000) in paragraph at lines 175--184

 []


Underfull \hbox (badness 10000) in paragraph at lines 185--188

 []


Underfull \hbox (badness 10000) in paragraph at lines 199--209

 []

Package babel Info: Redefining spanish shorthand <<
(babel)             in language  on input line 217.
Package babel Info: Redefining spanish shorthand >>
(babel)             in language  on input line 217.
Package babel Info: Redefining spanish shorthand "=
(babel)             in language  on input line 217.
Package babel Info: Redefining spanish shorthand "~
(babel)             in language  on input line 217.
Package babel Info: Redefining spanish shorthand "!
(babel)             in language  on input line 217.
Package babel Info: Redefining spanish shorthand "?
(babel)             in language  on input line 217.

Underfull \hbox (badness 10000) in paragraph at lines 218--223

 []

Package babel Info: Redefining spanish shorthand <<
(babel)             in language  on input line 223.
Package babel Info: Redefining spanish shorthand >>
(babel)             in language  on input line 223.
Package babel Info: Redefining spanish shorthand "=
(babel)             in language  on input line 223.
Package babel Info: Redefining spanish shorthand "~
(babel)             in language  on input line 223.
Package babel Info: Redefining spanish shorthand "!
(babel)             in language  on input line 223.
Package babel Info: Redefining spanish shorthand "?
(babel)             in language  on input line 223.
Package babel Info: Redefining spanish shorthand <<
(babel)             in language  on input line 223.
Package babel Info: Redefining spanish shorthand >>
(babel)             in language  on input line 223.
Package babel Info: Redefining spanish shorthand "=
(babel)             in language  on input line 223.
Package babel Info: Redefining spanish shorthand "~
(babel)             in language  on input line 223.
Package babel Info: Redefining spanish shorthand "!
(babel)             in language  on input line 223.
Package babel Info: Redefining spanish shorthand "?
(babel)             in language  on input line 223.
[12]
Package babel Info: Redefining spanish shorthand <<
(babel)             in language  on input line 234.
Package babel Info: Redefining spanish shorthand >>
(babel)             in language  on input line 234.
Package babel Info: Redefining spanish shorthand "=
(babel)             in language  on input line 234.
Package babel Info: Redefining spanish shorthand "~
(babel)             in language  on input line 234.
Package babel Info: Redefining spanish shorthand "!
(babel)             in language  on input line 234.
Package babel Info: Redefining spanish shorthand "?
(babel)             in language  on input line 234.

Overfull \hbox (10.55011pt too wide) in paragraph at lines 240--240
[]\T1/futs/b/n/14.4 Administracin re-mo-ta usan-do au-ten-ti-fi-ca-cin SASL
 []

Package babel Info: Redefining spanish shorthand <<
(babel)             in language  on input line 240.
Package babel Info: Redefining spanish shorthand >>
(babel)             in language  on input line 240.
Package babel Info: Redefining spanish shorthand "=
(babel)             in language  on input line 240.
Package babel Info: Redefining spanish shorthand "~
(babel)             in language  on input line 240.
Package babel Info: Redefining spanish shorthand "!
(babel)             in language  on input line 240.
Package babel Info: Redefining spanish shorthand "?
(babel)             in language  on input line 240.

Overfull \hbox (0.59906pt too wide) in paragraph at lines 247--247
[]\T1/futs/b/n/14.4 Administracin re-mo-ta usan-do TLS con lla-ves asi-
 []

Package babel Info: Redefining spanish shorthand <<
(babel)             in language  on input line 247.
Package babel Info: Redefining spanish shorthand >>
(babel)             in language  on input line 247.
Package babel Info: Redefining spanish shorthand "=
(babel)             in language  on input line 247.
Package babel Info: Redefining spanish shorthand "~
(babel)             in language  on input line 247.
Package babel Info: Redefining spanish shorthand "!
(babel)             in language  on input line 247.
Package babel Info: Redefining spanish shorthand "?
(babel)             in language  on input line 247.

Underfull \hbox (badness 10000) in paragraph at lines 248--252

 []

Package babel Info: Redefining spanish shorthand <<
(babel)             in language  on input line 259.
Package babel Info: Redefining spanish shorthand >>
(babel)             in language  on input line 259.
Package babel Info: Redefining spanish shorthand "=
(babel)             in language  on input line 259.
Package babel Info: Redefining spanish shorthand "~
(babel)             in language  on input line 259.
Package babel Info: Redefining spanish shorthand "!
(babel)             in language  on input line 259.
Package babel Info: Redefining spanish shorthand "?
(babel)             in language  on input line 259.

Underfull \hbox (badness 10000) in paragraph at lines 260--266

 []

Package babel Info: Redefining spanish shorthand <<
(babel)             in language  on input line 266.
Package babel Info: Redefining spanish shorthand >>
(babel)             in language  on input line 266.
Package babel Info: Redefining spanish shorthand "=
(babel)             in language  on input line 266.
Package babel Info: Redefining spanish shorthand "~
(babel)             in language  on input line 266.
Package babel Info: Redefining spanish shorthand "!
(babel)             in language  on input line 266.
Package babel Info: Redefining spanish shorthand "?
(babel)             in language  on input line 266.
Package babel Info: Redefining spanish shorthand <<
(babel)             in language  on input line 266.
Package babel Info: Redefining spanish shorthand >>
(babel)             in language  on input line 266.
Package babel Info: Redefining spanish shorthand "=
(babel)             in language  on input line 266.
Package babel Info: Redefining spanish shorthand "~
(babel)             in language  on input line 266.
Package babel Info: Redefining spanish shorthand "!
(babel)             in language  on input line 266.
Package babel Info: Redefining spanish shorthand "?
(babel)             in language  on input line 266.
[13]
Package babel Info: Redefining spanish shorthand <<
(babel)             in language  on input line 272.
Package babel Info: Redefining spanish shorthand >>
(babel)             in language  on input line 272.
Package babel Info: Redefining spanish shorthand "=
(babel)             in language  on input line 272.
Package babel Info: Redefining spanish shorthand "~
(babel)             in language  on input line 272.
Package babel Info: Redefining spanish shorthand "!
(babel)             in language  on input line 272.
Package babel Info: Redefining spanish shorthand "?
(babel)             in language  on input line 272.
Package babel Info: Redefining spanish shorthand <<
(babel)             in language  on input line 281.
Package babel Info: Redefining spanish shorthand >>
(babel)             in language  on input line 281.
Package babel Info: Redefining spanish shorthand "=
(babel)             in language  on input line 281.
Package babel Info: Redefining spanish shorthand "~
(babel)             in language  on input line 281.
Package babel Info: Redefining spanish shorthand "!
(babel)             in language  on input line 281.
Package babel Info: Redefining spanish shorthand "?
(babel)             in language  on input line 281.
Package babel Info: Redefining spanish shorthand <<
(babel)             in language  on input line 291.
Package babel Info: Redefining spanish shorthand >>
(babel)             in language  on input line 291.
Package babel Info: Redefining spanish shorthand "=
(babel)             in language  on input line 291.
Package babel Info: Redefining spanish shorthand "~
(babel)             in language  on input line 291.
Package babel Info: Redefining spanish shorthand "!
(babel)             in language  on input line 291.
Package babel Info: Redefining spanish shorthand "?
(babel)             in language  on input line 291.
Package babel Info: Redefining spanish shorthand <<
(babel)             in language  on input line 291.
Package babel Info: Redefining spanish shorthand >>
(babel)             in language  on input line 291.
Package babel Info: Redefining spanish shorthand "=
(babel)             in language  on input line 291.
Package babel Info: Redefining spanish shorthand "~
(babel)             in language  on input line 291.
Package babel Info: Redefining spanish shorthand "!
(babel)             in language  on input line 291.
Package babel Info: Redefining spanish shorthand "?
(babel)             in language  on input line 291.
 [14]
Cap\'{\i }tulo 3.
Package babel Info: Redefining spanish shorthand <<
(babel)             in language  on input line 291.
Package babel Info: Redefining spanish shorthand >>
(babel)             in language  on input line 291.
Package babel Info: Redefining spanish shorthand "=
(babel)             in language  on input line 291.
Package babel Info: Redefining spanish shorthand "~
(babel)             in language  on input line 291.
Package babel Info: Redefining spanish shorthand "!
(babel)             in language  on input line 291.
Package babel Info: Redefining spanish shorthand "?
(babel)             in language  on input line 291.

Underfull \hbox (badness 10000) in paragraph at lines 293--299

 []


Underfull \hbox (badness 10000) in paragraph at lines 300--304

 []


Underfull \hbox (badness 10000) in paragraph at lines 305--310

 []


Underfull \hbox (badness 10000) in paragraph at lines 311--319

 []


Underfull \hbox (badness 10000) in paragraph at lines 320--325

 []


Underfull \hbox (badness 10000) in paragraph at lines 326--332

 []

Package babel Info: Redefining spanish shorthand <<
(babel)             in language  on input line 333.
Package babel Info: Redefining spanish shorthand >>
(babel)             in language  on input line 333.
Package babel Info: Redefining spanish shorthand "=
(babel)             in language  on input line 333.
Package babel Info: Redefining spanish shorthand "~
(babel)             in language  on input line 333.
Package babel Info: Redefining spanish shorthand "!
(babel)             in language  on input line 333.
Package babel Info: Redefining spanish shorthand "?
(babel)             in language  on input line 333.
Package babel Info: Redefining spanish shorthand <<
(babel)             in language  on input line 333.
Package babel Info: Redefining spanish shorthand >>
(babel)             in language  on input line 333.
Package babel Info: Redefining spanish shorthand "=
(babel)             in language  on input line 333.
Package babel Info: Redefining spanish shorthand "~
(babel)             in language  on input line 333.
Package babel Info: Redefining spanish shorthand "!
(babel)             in language  on input line 333.
Package babel Info: Redefining spanish shorthand "?
(babel)             in language  on input line 333.
[15

]
Underfull \hbox (badness 10000) in paragraph at lines 333--340

 []

(./nuevoProyecto.bbl
Package babel Info: Redefining spanish shorthand <<
(babel)             in language  on input line 1.
Package babel Info: Redefining spanish shorthand >>
(babel)             in language  on input line 1.
Package babel Info: Redefining spanish shorthand "=
(babel)             in language  on input line 1.
Package babel Info: Redefining spanish shorthand "~
(babel)             in language  on input line 1.
Package babel Info: Redefining spanish shorthand "!
(babel)             in language  on input line 1.
Package babel Info: Redefining spanish shorthand "?
(babel)             in language  on input line 1.
Package babel Info: Redefining spanish shorthand <<
(babel)             in language  on input line 1.
Package babel Info: Redefining spanish shorthand >>
(babel)             in language  on input line 1.
Package babel Info: Redefining spanish shorthand "=
(babel)             in language  on input line 1.
Package babel Info: Redefining spanish shorthand "~
(babel)             in language  on input line 1.
Package babel Info: Redefining spanish shorthand "!
(babel)             in language  on input line 1.
Package babel Info: Redefining spanish shorthand "?
(babel)             in language  on input line 1.
 [16])
Package babel Info: Redefining spanish shorthand <<
(babel)             in language  on input line 372.
Package babel Info: Redefining spanish shorthand >>
(babel)             in language  on input line 372.
Package babel Info: Redefining spanish shorthand "=
(babel)             in language  on input line 372.
Package babel Info: Redefining spanish shorthand "~
(babel)             in language  on input line 372.
Package babel Info: Redefining spanish shorthand "!
(babel)             in language  on input line 372.
Package babel Info: Redefining spanish shorthand "?
(babel)             in language  on input line 372.
Package babel Info: Redefining spanish shorthand <<
(babel)             in language  on input line 372.
Package babel Info: Redefining spanish shorthand >>
(babel)             in language  on input line 372.
Package babel Info: Redefining spanish shorthand "=
(babel)             in language  on input line 372.
Package babel Info: Redefining spanish shorthand "~
(babel)             in language  on input line 372.
Package babel Info: Redefining spanish shorthand "!
(babel)             in language  on input line 372.
Package babel Info: Redefining spanish shorthand "?
(babel)             in language  on input line 372.
 [17

]
Package atveryend Info: Empty hook `BeforeClearDocument' on input line 372.
Package atveryend Info: Empty hook `AfterLastShipout' on input line 372.
 (./nuevoProyecto.aux
LaTeX Info: Redefining \. on input line 23.
LaTeX Info: Redefining \% on input line 23.
)
Package atveryend Info: Executing hook `AtVeryEndDocument' on input line 372.
Package atveryend Info: Executing hook `AtEndAfterFileList' on input line 372.
Package rerunfilecheck Info: File `nuevoProyecto.out' has not changed.
(rerunfilecheck)             Checksum: E5B73A021756FCF917E6D51FACB32F0A;1641.
Package atveryend Info: Empty hook `AtVeryVeryEnd' on input line 372.
 ) 
Here is how much of TeX's memory you used:
 19508 strings out of 492985
 342280 string characters out of 6138637
 413043 words of memory out of 5000000
 22629 multiletter control sequences out of 15000+600000
 100480 words of font info for 93 fonts, out of 8000000 for 9000
 1141 hyphenation exceptions out of 8191
 57i,12n,54p,780b,424s stack positions out of 5000i,500n,10000p,200000b,80000s
{/usr/share/texmf-dist/fonts/enc/dvips/base/8r.enc}</usr/share/texmf-dist/fon
ts/type1/adobe/utopia/putb8a.pfb></usr/share/texmf-dist/fonts/type1/adobe/utopi
a/putr8a.pfb>
Output written on nuevoProyecto.pdf (17 pages, 259886 bytes).
PDF statistics:
 227 PDF objects out of 1000 (max. 8388607)
 201 compressed objects within 3 object streams
 46 named destinations out of 1000 (max. 500000)
 178 words of extra memory for PDF output out of 10000 (max. 10000000)

