\BOOKMARK [0][-]{part.1}{I Introducci\363n}{}% 1
\BOOKMARK [0][-]{part.2}{II Descripci\363n de la entidad donde realiz\363 las pr\341cticas}{}% 2
\BOOKMARK [1][-]{section.1}{Actividad laboral a la que se dedica la entidad}{part.2}% 3
\BOOKMARK [1][-]{section.2}{Personal cualificado tecnol\363gicamente de que dispone}{part.2}% 4
\BOOKMARK [1][-]{section.3}{Dotaci\363n tecnol\363gica de la que dispone}{part.2}% 5
\BOOKMARK [0][-]{part.3}{III Trabajo realizado}{}% 6
\BOOKMARK [1][-]{section.1}{Problemas que se han planteado}{part.3}% 7
\BOOKMARK [1][-]{section.2}{Soluciones que se han llevado a cabo}{part.3}% 8
\BOOKMARK [2][-]{subsection.2.1}{Configuraci\363n del servidor Banahosting}{section.2}% 9
\BOOKMARK [3][-]{subsubsection.2.1.1}{Crear una cuenta de correo en el Hosting}{subsection.2.1}% 10
\BOOKMARK [3][-]{subsubsection.2.1.2}{Configurar una cuenta de correo de cPanel en Outlook 2013}{subsection.2.1}% 11
\BOOKMARK [3][-]{subsubsection.2.1.3}{Instalar Un Certificado SSL Con Banahosting}{subsection.2.1}% 12
\BOOKMARK [3][-]{subsubsection.2.1.4}{Instalar wordpress en Banahosting}{subsection.2.1}% 13
\BOOKMARK [3][-]{subsubsection.2.1.5}{Migrar wordpress de un hosting a otro hosting}{subsection.2.1}% 14
\BOOKMARK [2][-]{subsection.2.2}{Desarrollo de p\341ginas web}{section.2}% 15
\BOOKMARK [3][-]{subsubsection.2.2.1}{Kolors}{subsection.2.2}% 16
\BOOKMARK [3][-]{subsubsection.2.2.2}{II Encuentro Juncaril - Asegra}{subsection.2.2}% 17
\BOOKMARK [3][-]{subsubsection.2.2.3}{Deventos}{subsection.2.2}% 18
\BOOKMARK [1][-]{section.3}{Herramientas utilizadas para llevar a cabo el trabajo realizado}{part.3}% 19
\BOOKMARK [2][-]{subsection.3.1}{Servidor}{section.3}% 20
\BOOKMARK [2][-]{subsection.3.2}{P\341gina web}{section.3}% 21
\BOOKMARK [1][-]{section.4}{Asignaturas de la titulaci\363n que hayan resultado \372tiles para llevar a cabo el trabajo realizado}{part.3}% 22
\BOOKMARK [0][-]{part.4}{IV Bibliograf\355a utilizada}{}% 23
\BOOKMARK [0][-]{part.5}{V Valoraci\363n personal del trabajo realizado}{}% 24
\BOOKMARK [0][-]{part.6}{VI Conclusiones}{}% 25
