This is pdfTeX, Version 3.14159265-2.6-1.40.18 (MiKTeX 2.9.6600 64-bit) (preloaded format=pdflatex 2018.3.6)  6 MAR 2018 14:50
entering extended mode
**./guion-practicas-fft.tex
(guion-practicas-fft.tex
LaTeX2e <2017-04-15>
Babel <3.17> and hyphenation patterns for 75 language(s) loaded.

("C:\Users\McMay XIII\AppData\Local\Programs\MiKTeX 2.9\tex\latex\koma-script\s
crartcl.cls"
Document Class: scrartcl 2017/09/07 v3.24 KOMA-Script document class (article)

("C:\Users\McMay XIII\AppData\Local\Programs\MiKTeX 2.9\tex\latex\koma-script\s
crkbase.sty"
Package: scrkbase 2017/09/07 v3.24 KOMA-Script package (KOMA-Script-dependent b
asics and keyval usage)

("C:\Users\McMay XIII\AppData\Local\Programs\MiKTeX 2.9\tex\latex\koma-script\s
crbase.sty"
Package: scrbase 2017/09/07 v3.24 KOMA-Script package (KOMA-Script-independent 
basics and keyval usage)

("C:\Users\McMay XIII\AppData\Local\Programs\MiKTeX 2.9\tex\latex\graphics\keyv
al.sty"
Package: keyval 2014/10/28 v1.15 key=value parser (DPC)
\KV@toks@=\toks14
)
("C:\Users\McMay XIII\AppData\Local\Programs\MiKTeX 2.9\tex\latex\koma-script\s
crlfile.sty"
Package: scrlfile 2017/09/07 v3.24 KOMA-Script package (loading files)
)))
("C:\Users\McMay XIII\AppData\Local\Programs\MiKTeX 2.9\tex\latex\koma-script\t
ocbasic.sty"
Package: tocbasic 2017/09/07 v3.24 KOMA-Script package (handling toc-files)
\scr@dte@tocline@numberwidth=\skip41
\scr@dte@tocline@numbox=\box26
)
Package tocbasic Info: omitting babel extension for `toc'
(tocbasic)             because of feature `nobabel' available
(tocbasic)             for `toc' on input line 133.
Package tocbasic Info: omitting babel extension for `lof'
(tocbasic)             because of feature `nobabel' available
(tocbasic)             for `lof' on input line 135.
Package tocbasic Info: omitting babel extension for `lot'
(tocbasic)             because of feature `nobabel' available
(tocbasic)             for `lot' on input line 136.
Class scrartcl Info: File `scrsize11pt.clo' used to setup font sizes on input l
ine 2080.

("C:\Users\McMay XIII\AppData\Local\Programs\MiKTeX 2.9\tex\latex\koma-script\s
crsize11pt.clo"
File: scrsize11pt.clo 2017/09/07 v3.24 KOMA-Script font size class option (11pt
)
)
("C:\Users\McMay XIII\AppData\Local\Programs\MiKTeX 2.9\tex\latex\koma-script\t
ypearea.sty"
Package: typearea 2017/09/07 v3.24 KOMA-Script package (type area)
\ta@bcor=\skip42
\ta@div=\count79
\ta@hblk=\skip43
\ta@vblk=\skip44
\ta@temp=\skip45
\footheight=\skip46
Package typearea Info: These are the values describing the layout:
(typearea)             DIV  = 10
(typearea)             BCOR = 0.0pt
(typearea)             \paperwidth      = 597.50793pt
(typearea)              \textwidth      = 418.25555pt
(typearea)              DIV departure   = -6%
(typearea)              \evensidemargin = 17.3562pt
(typearea)              \oddsidemargin  = 17.3562pt
(typearea)             \paperheight     = 845.04694pt
(typearea)              \textheight     = 595.80026pt
(typearea)              \topmargin      = -25.16531pt
(typearea)              \headheight     = 17.0pt
(typearea)              \headsep        = 20.40001pt
(typearea)              \topskip        = 11.0pt
(typearea)              \footskip       = 47.6pt
(typearea)              \baselineskip   = 13.6pt
(typearea)              on input line 1686.
)
\c@part=\count80
\c@section=\count81
\c@subsection=\count82
\c@subsubsection=\count83
\c@paragraph=\count84
\c@subparagraph=\count85
\scr@dte@part@maxnumwidth=\skip47
\scr@dte@section@maxnumwidth=\skip48
\scr@dte@subsection@maxnumwidth=\skip49
\scr@dte@subsubsection@maxnumwidth=\skip50
\scr@dte@paragraph@maxnumwidth=\skip51
\scr@dte@subparagraph@maxnumwidth=\skip52
LaTeX Info: Redefining \textsubscript on input line 4161.
\abovecaptionskip=\skip53
\belowcaptionskip=\skip54
\c@pti@nb@sid@b@x=\box27
\c@figure=\count86
\c@table=\count87
Class scrartcl Info: Redefining `\numberline' on input line 5319.
\bibindent=\dimen102
)
("C:\Users\McMay XIII\AppData\Local\Programs\MiKTeX 2.9\tex\latex\base\fontenc.
sty"
Package: fontenc 2017/04/05 v2.0i Standard LaTeX package

("C:\Users\McMay XIII\AppData\Local\Programs\MiKTeX 2.9\tex\latex\base\t1enc.de
f"
File: t1enc.def 2017/04/05 v2.0i Standard LaTeX file
LaTeX Font Info:    Redeclaring font encoding T1 on input line 48.
))
("C:\Users\McMay XIII\AppData\Local\Programs\MiKTeX 2.9\tex\latex\base\inputenc
.sty"
Package: inputenc 2015/03/17 v1.2c Input encoding file
\inpenc@prehook=\toks15
\inpenc@posthook=\toks16

("C:\Users\McMay XIII\AppData\Local\Programs\MiKTeX 2.9\tex\latex\base\utf8.def
"
File: utf8.def 2017/01/28 v1.1t UTF-8 support for inputenc
Now handling font encoding OML ...
... no UTF-8 mapping file for font encoding OML
Now handling font encoding T1 ...
... processing UTF-8 mapping file for font encoding T1

("C:\Users\McMay XIII\AppData\Local\Programs\MiKTeX 2.9\tex\latex\base\t1enc.df
u"
File: t1enc.dfu 2017/01/28 v1.1t UTF-8 support for inputenc
   defining Unicode char U+00A0 (decimal 160)
   defining Unicode char U+00A1 (decimal 161)
   defining Unicode char U+00A3 (decimal 163)
   defining Unicode char U+00AB (decimal 171)
   defining Unicode char U+00AD (decimal 173)
   defining Unicode char U+00BB (decimal 187)
   defining Unicode char U+00BF (decimal 191)
   defining Unicode char U+00C0 (decimal 192)
   defining Unicode char U+00C1 (decimal 193)
   defining Unicode char U+00C2 (decimal 194)
   defining Unicode char U+00C3 (decimal 195)
   defining Unicode char U+00C4 (decimal 196)
   defining Unicode char U+00C5 (decimal 197)
   defining Unicode char U+00C6 (decimal 198)
   defining Unicode char U+00C7 (decimal 199)
   defining Unicode char U+00C8 (decimal 200)
   defining Unicode char U+00C9 (decimal 201)
   defining Unicode char U+00CA (decimal 202)
   defining Unicode char U+00CB (decimal 203)
   defining Unicode char U+00CC (decimal 204)
   defining Unicode char U+00CD (decimal 205)
   defining Unicode char U+00CE (decimal 206)
   defining Unicode char U+00CF (decimal 207)
   defining Unicode char U+00D0 (decimal 208)
   defining Unicode char U+00D1 (decimal 209)
   defining Unicode char U+00D2 (decimal 210)
   defining Unicode char U+00D3 (decimal 211)
   defining Unicode char U+00D4 (decimal 212)
   defining Unicode char U+00D5 (decimal 213)
   defining Unicode char U+00D6 (decimal 214)
   defining Unicode char U+00D8 (decimal 216)
   defining Unicode char U+00D9 (decimal 217)
   defining Unicode char U+00DA (decimal 218)
   defining Unicode char U+00DB (decimal 219)
   defining Unicode char U+00DC (decimal 220)
   defining Unicode char U+00DD (decimal 221)
   defining Unicode char U+00DE (decimal 222)
   defining Unicode char U+00DF (decimal 223)
   defining Unicode char U+00E0 (decimal 224)
   defining Unicode char U+00E1 (decimal 225)
   defining Unicode char U+00E2 (decimal 226)
   defining Unicode char U+00E3 (decimal 227)
   defining Unicode char U+00E4 (decimal 228)
   defining Unicode char U+00E5 (decimal 229)
   defining Unicode char U+00E6 (decimal 230)
   defining Unicode char U+00E7 (decimal 231)
   defining Unicode char U+00E8 (decimal 232)
   defining Unicode char U+00E9 (decimal 233)
   defining Unicode char U+00EA (decimal 234)
   defining Unicode char U+00EB (decimal 235)
   defining Unicode char U+00EC (decimal 236)
   defining Unicode char U+00ED (decimal 237)
   defining Unicode char U+00EE (decimal 238)
   defining Unicode char U+00EF (decimal 239)
   defining Unicode char U+00F0 (decimal 240)
   defining Unicode char U+00F1 (decimal 241)
   defining Unicode char U+00F2 (decimal 242)
   defining Unicode char U+00F3 (decimal 243)
   defining Unicode char U+00F4 (decimal 244)
   defining Unicode char U+00F5 (decimal 245)
   defining Unicode char U+00F6 (decimal 246)
   defining Unicode char U+00F8 (decimal 248)
   defining Unicode char U+00F9 (decimal 249)
   defining Unicode char U+00FA (decimal 250)
   defining Unicode char U+00FB (decimal 251)
   defining Unicode char U+00FC (decimal 252)
   defining Unicode char U+00FD (decimal 253)
   defining Unicode char U+00FE (decimal 254)
   defining Unicode char U+00FF (decimal 255)
   defining Unicode char U+0100 (decimal 256)
   defining Unicode char U+0101 (decimal 257)
   defining Unicode char U+0102 (decimal 258)
   defining Unicode char U+0103 (decimal 259)
   defining Unicode char U+0104 (decimal 260)
   defining Unicode char U+0105 (decimal 261)
   defining Unicode char U+0106 (decimal 262)
   defining Unicode char U+0107 (decimal 263)
   defining Unicode char U+0108 (decimal 264)
   defining Unicode char U+0109 (decimal 265)
   defining Unicode char U+010A (decimal 266)
   defining Unicode char U+010B (decimal 267)
   defining Unicode char U+010C (decimal 268)
   defining Unicode char U+010D (decimal 269)
   defining Unicode char U+010E (decimal 270)
   defining Unicode char U+010F (decimal 271)
   defining Unicode char U+0110 (decimal 272)
   defining Unicode char U+0111 (decimal 273)
   defining Unicode char U+0112 (decimal 274)
   defining Unicode char U+0113 (decimal 275)
   defining Unicode char U+0114 (decimal 276)
   defining Unicode char U+0115 (decimal 277)
   defining Unicode char U+0116 (decimal 278)
   defining Unicode char U+0117 (decimal 279)
   defining Unicode char U+0118 (decimal 280)
   defining Unicode char U+0119 (decimal 281)
   defining Unicode char U+011A (decimal 282)
   defining Unicode char U+011B (decimal 283)
   defining Unicode char U+011C (decimal 284)
   defining Unicode char U+011D (decimal 285)
   defining Unicode char U+011E (decimal 286)
   defining Unicode char U+011F (decimal 287)
   defining Unicode char U+0120 (decimal 288)
   defining Unicode char U+0121 (decimal 289)
   defining Unicode char U+0122 (decimal 290)
   defining Unicode char U+0123 (decimal 291)
   defining Unicode char U+0124 (decimal 292)
   defining Unicode char U+0125 (decimal 293)
   defining Unicode char U+0128 (decimal 296)
   defining Unicode char U+0129 (decimal 297)
   defining Unicode char U+012A (decimal 298)
   defining Unicode char U+012B (decimal 299)
   defining Unicode char U+012C (decimal 300)
   defining Unicode char U+012D (decimal 301)
   defining Unicode char U+012E (decimal 302)
   defining Unicode char U+012F (decimal 303)
   defining Unicode char U+0130 (decimal 304)
   defining Unicode char U+0131 (decimal 305)
   defining Unicode char U+0132 (decimal 306)
   defining Unicode char U+0133 (decimal 307)
   defining Unicode char U+0134 (decimal 308)
   defining Unicode char U+0135 (decimal 309)
   defining Unicode char U+0136 (decimal 310)
   defining Unicode char U+0137 (decimal 311)
   defining Unicode char U+0139 (decimal 313)
   defining Unicode char U+013A (decimal 314)
   defining Unicode char U+013B (decimal 315)
   defining Unicode char U+013C (decimal 316)
   defining Unicode char U+013D (decimal 317)
   defining Unicode char U+013E (decimal 318)
   defining Unicode char U+0141 (decimal 321)
   defining Unicode char U+0142 (decimal 322)
   defining Unicode char U+0143 (decimal 323)
   defining Unicode char U+0144 (decimal 324)
   defining Unicode char U+0145 (decimal 325)
   defining Unicode char U+0146 (decimal 326)
   defining Unicode char U+0147 (decimal 327)
   defining Unicode char U+0148 (decimal 328)
   defining Unicode char U+014A (decimal 330)
   defining Unicode char U+014B (decimal 331)
   defining Unicode char U+014C (decimal 332)
   defining Unicode char U+014D (decimal 333)
   defining Unicode char U+014E (decimal 334)
   defining Unicode char U+014F (decimal 335)
   defining Unicode char U+0150 (decimal 336)
   defining Unicode char U+0151 (decimal 337)
   defining Unicode char U+0152 (decimal 338)
   defining Unicode char U+0153 (decimal 339)
   defining Unicode char U+0154 (decimal 340)
   defining Unicode char U+0155 (decimal 341)
   defining Unicode char U+0156 (decimal 342)
   defining Unicode char U+0157 (decimal 343)
   defining Unicode char U+0158 (decimal 344)
   defining Unicode char U+0159 (decimal 345)
   defining Unicode char U+015A (decimal 346)
   defining Unicode char U+015B (decimal 347)
   defining Unicode char U+015C (decimal 348)
   defining Unicode char U+015D (decimal 349)
   defining Unicode char U+015E (decimal 350)
   defining Unicode char U+015F (decimal 351)
   defining Unicode char U+0160 (decimal 352)
   defining Unicode char U+0161 (decimal 353)
   defining Unicode char U+0162 (decimal 354)
   defining Unicode char U+0163 (decimal 355)
   defining Unicode char U+0164 (decimal 356)
   defining Unicode char U+0165 (decimal 357)
   defining Unicode char U+0168 (decimal 360)
   defining Unicode char U+0169 (decimal 361)
   defining Unicode char U+016A (decimal 362)
   defining Unicode char U+016B (decimal 363)
   defining Unicode char U+016C (decimal 364)
   defining Unicode char U+016D (decimal 365)
   defining Unicode char U+016E (decimal 366)
   defining Unicode char U+016F (decimal 367)
   defining Unicode char U+0170 (decimal 368)
   defining Unicode char U+0171 (decimal 369)
   defining Unicode char U+0172 (decimal 370)
   defining Unicode char U+0173 (decimal 371)
   defining Unicode char U+0174 (decimal 372)
   defining Unicode char U+0175 (decimal 373)
   defining Unicode char U+0176 (decimal 374)
   defining Unicode char U+0177 (decimal 375)
   defining Unicode char U+0178 (decimal 376)
   defining Unicode char U+0179 (decimal 377)
   defining Unicode char U+017A (decimal 378)
   defining Unicode char U+017B (decimal 379)
   defining Unicode char U+017C (decimal 380)
   defining Unicode char U+017D (decimal 381)
   defining Unicode char U+017E (decimal 382)
   defining Unicode char U+01CD (decimal 461)
   defining Unicode char U+01CE (decimal 462)
   defining Unicode char U+01CF (decimal 463)
   defining Unicode char U+01D0 (decimal 464)
   defining Unicode char U+01D1 (decimal 465)
   defining Unicode char U+01D2 (decimal 466)
   defining Unicode char U+01D3 (decimal 467)
   defining Unicode char U+01D4 (decimal 468)
   defining Unicode char U+01E2 (decimal 482)
   defining Unicode char U+01E3 (decimal 483)
   defining Unicode char U+01E6 (decimal 486)
   defining Unicode char U+01E7 (decimal 487)
   defining Unicode char U+01E8 (decimal 488)
   defining Unicode char U+01E9 (decimal 489)
   defining Unicode char U+01EA (decimal 490)
   defining Unicode char U+01EB (decimal 491)
   defining Unicode char U+01F0 (decimal 496)
   defining Unicode char U+01F4 (decimal 500)
   defining Unicode char U+01F5 (decimal 501)
   defining Unicode char U+0218 (decimal 536)
   defining Unicode char U+0219 (decimal 537)
   defining Unicode char U+021A (decimal 538)
   defining Unicode char U+021B (decimal 539)
   defining Unicode char U+0232 (decimal 562)
   defining Unicode char U+0233 (decimal 563)
   defining Unicode char U+1E02 (decimal 7682)
   defining Unicode char U+1E03 (decimal 7683)
   defining Unicode char U+200C (decimal 8204)
   defining Unicode char U+2010 (decimal 8208)
   defining Unicode char U+2011 (decimal 8209)
   defining Unicode char U+2012 (decimal 8210)
   defining Unicode char U+2013 (decimal 8211)
   defining Unicode char U+2014 (decimal 8212)
   defining Unicode char U+2015 (decimal 8213)
   defining Unicode char U+2018 (decimal 8216)
   defining Unicode char U+2019 (decimal 8217)
   defining Unicode char U+201A (decimal 8218)
   defining Unicode char U+201C (decimal 8220)
   defining Unicode char U+201D (decimal 8221)
   defining Unicode char U+201E (decimal 8222)
   defining Unicode char U+2030 (decimal 8240)
   defining Unicode char U+2031 (decimal 8241)
   defining Unicode char U+2039 (decimal 8249)
   defining Unicode char U+203A (decimal 8250)
   defining Unicode char U+2423 (decimal 9251)
   defining Unicode char U+1E20 (decimal 7712)
   defining Unicode char U+1E21 (decimal 7713)
)
Now handling font encoding OT1 ...
... processing UTF-8 mapping file for font encoding OT1

("C:\Users\McMay XIII\AppData\Local\Programs\MiKTeX 2.9\tex\latex\base\ot1enc.d
fu"
File: ot1enc.dfu 2017/01/28 v1.1t UTF-8 support for inputenc
   defining Unicode char U+00A0 (decimal 160)
   defining Unicode char U+00A1 (decimal 161)
   defining Unicode char U+00A3 (decimal 163)
   defining Unicode char U+00AD (decimal 173)
   defining Unicode char U+00B8 (decimal 184)
   defining Unicode char U+00BF (decimal 191)
   defining Unicode char U+00C5 (decimal 197)
   defining Unicode char U+00C6 (decimal 198)
   defining Unicode char U+00D8 (decimal 216)
   defining Unicode char U+00DF (decimal 223)
   defining Unicode char U+00E6 (decimal 230)
   defining Unicode char U+00EC (decimal 236)
   defining Unicode char U+00ED (decimal 237)
   defining Unicode char U+00EE (decimal 238)
   defining Unicode char U+00EF (decimal 239)
   defining Unicode char U+00F8 (decimal 248)
   defining Unicode char U+0131 (decimal 305)
   defining Unicode char U+0141 (decimal 321)
   defining Unicode char U+0142 (decimal 322)
   defining Unicode char U+0152 (decimal 338)
   defining Unicode char U+0153 (decimal 339)
   defining Unicode char U+0174 (decimal 372)
   defining Unicode char U+0175 (decimal 373)
   defining Unicode char U+0176 (decimal 374)
   defining Unicode char U+0177 (decimal 375)
   defining Unicode char U+0218 (decimal 536)
   defining Unicode char U+0219 (decimal 537)
   defining Unicode char U+021A (decimal 538)
   defining Unicode char U+021B (decimal 539)
   defining Unicode char U+2013 (decimal 8211)
   defining Unicode char U+2014 (decimal 8212)
   defining Unicode char U+2018 (decimal 8216)
   defining Unicode char U+2019 (decimal 8217)
   defining Unicode char U+201C (decimal 8220)
   defining Unicode char U+201D (decimal 8221)
)
Now handling font encoding OMS ...
... processing UTF-8 mapping file for font encoding OMS

("C:\Users\McMay XIII\AppData\Local\Programs\MiKTeX 2.9\tex\latex\base\omsenc.d
fu"
File: omsenc.dfu 2017/01/28 v1.1t UTF-8 support for inputenc
   defining Unicode char U+00A7 (decimal 167)
   defining Unicode char U+00B6 (decimal 182)
   defining Unicode char U+00B7 (decimal 183)
   defining Unicode char U+2020 (decimal 8224)
   defining Unicode char U+2021 (decimal 8225)
   defining Unicode char U+2022 (decimal 8226)
)
Now handling font encoding OMX ...
... no UTF-8 mapping file for font encoding OMX
Now handling font encoding U ...
... no UTF-8 mapping file for font encoding U
   defining Unicode char U+00A9 (decimal 169)
   defining Unicode char U+00AA (decimal 170)
   defining Unicode char U+00AE (decimal 174)
   defining Unicode char U+00BA (decimal 186)
   defining Unicode char U+02C6 (decimal 710)
   defining Unicode char U+02DC (decimal 732)
   defining Unicode char U+200C (decimal 8204)
   defining Unicode char U+2026 (decimal 8230)
   defining Unicode char U+2122 (decimal 8482)
   defining Unicode char U+2423 (decimal 9251)
))
("C:\Users\McMay XIII\AppData\Local\Programs\MiKTeX 2.9\tex\generic\babel\babel
.sty"
Package: babel 2018/01/24 3.17 The Babel package

("C:\Users\McMay XIII\AppData\Local\Programs\MiKTeX 2.9\tex\generic\babel\switc
h.def"
File: switch.def 2018/01/24 3.17 Babel switching mechanism
)
*************************************
* Local config file bblopts.cfg used
*

("C:\Users\McMay XIII\AppData\Local\Programs\MiKTeX 2.9\tex\latex\arabi\bblopts
.cfg"
File: bblopts.cfg 2005/09/08 v0.1 add Arabic and Farsi to "declared" options of
 babel
)
("C:\Users\McMay XIII\AppData\Local\Programs\MiKTeX 2.9\tex\latex\babel-spanish
\spanish.ldf"
Language: spanish.ldf 2016/03/03 v5.0p Spanish support from the babel system

("C:\Users\McMay XIII\AppData\Local\Programs\MiKTeX 2.9\tex\generic\babel\babel
.def"
File: babel.def 2018/01/24 3.17 Babel common definitions

("C:\Users\McMay XIII\AppData\Local\Programs\MiKTeX 2.9\tex\generic\babel\switc
h.def"
File: switch.def 2018/01/24 3.17 Babel switching mechanism
)
\babel@savecnt=\count88
\U@D=\dimen103

("C:\Users\McMay XIII\AppData\Local\Programs\MiKTeX 2.9\tex\generic\babel\txtba
bel.def")
\bbl@dirlevel=\count89
)
\es@quottoks=\toks17
\es@quotdepth=\count90
Package babel Info: Making " an active character on input line 561.
Package babel Info: Making . an active character on input line 662.
Package babel Info: Making < an active character on input line 707.
Package babel Info: Making > an active character on input line 707.
))
("C:\Users\McMay XIII\AppData\Local\Programs\MiKTeX 2.9\tex\latex\tools\array.s
ty"
Package: array 2016/10/06 v2.4d Tabular extension package (FMi)
\col@sep=\dimen104
\extrarowheight=\dimen105
\NC@list=\toks18
\extratabsurround=\skip55
\backup@length=\skip56
)
("C:\Users\McMay XIII\AppData\Local\Programs\MiKTeX 2.9\tex\latex\multirow\mult
irow.sty"
Package: multirow 2016/11/25 v2.2 Span multiple rows of a table
\multirow@colwidth=\skip57
\multirow@cntb=\count91
\multirow@dima=\skip58
\bigstrutjot=\dimen106
)
("C:\Users\McMay XIII\AppData\Local\Programs\MiKTeX 2.9\tex\latex\url\url.sty"
\Urlmuskip=\muskip10
Package: url 2013/09/16  ver 3.4  Verb mode for urls, etc.
)
("C:\Users\McMay XIII\AppData\Local\Programs\MiKTeX 2.9\tex\latex\amsmath\amsma
th.sty"
Package: amsmath 2017/09/02 v2.17a AMS math features
\@mathmargin=\skip59

For additional information on amsmath, use the `?' option.

("C:\Users\McMay XIII\AppData\Local\Programs\MiKTeX 2.9\tex\latex\amsmath\amste
xt.sty"
Package: amstext 2000/06/29 v2.01 AMS text

("C:\Users\McMay XIII\AppData\Local\Programs\MiKTeX 2.9\tex\latex\amsmath\amsge
n.sty"
File: amsgen.sty 1999/11/30 v2.0 generic functions
\@emptytoks=\toks19
\ex@=\dimen107
))
("C:\Users\McMay XIII\AppData\Local\Programs\MiKTeX 2.9\tex\latex\amsmath\amsbs
y.sty"
Package: amsbsy 1999/11/29 v1.2d Bold Symbols
\pmbraise@=\dimen108
)
("C:\Users\McMay XIII\AppData\Local\Programs\MiKTeX 2.9\tex\latex\amsmath\amsop
n.sty"
Package: amsopn 2016/03/08 v2.02 operator names
)
\inf@bad=\count92
LaTeX Info: Redefining \frac on input line 213.
\uproot@=\count93
\leftroot@=\count94
LaTeX Info: Redefining \overline on input line 375.
\classnum@=\count95
\DOTSCASE@=\count96
LaTeX Info: Redefining \ldots on input line 472.
LaTeX Info: Redefining \dots on input line 475.
LaTeX Info: Redefining \cdots on input line 596.
\Mathstrutbox@=\box28
\strutbox@=\box29
\big@size=\dimen109
LaTeX Font Info:    Redeclaring font encoding OML on input line 712.
LaTeX Font Info:    Redeclaring font encoding OMS on input line 713.
\macc@depth=\count97
\c@MaxMatrixCols=\count98
\dotsspace@=\muskip11
\c@parentequation=\count99
\dspbrk@lvl=\count100
\tag@help=\toks20
\row@=\count101
\column@=\count102
\maxfields@=\count103
\andhelp@=\toks21
\eqnshift@=\dimen110
\alignsep@=\dimen111
\tagshift@=\dimen112
\tagwidth@=\dimen113
\totwidth@=\dimen114
\lineht@=\dimen115
\@envbody=\toks22
\multlinegap=\skip60
\multlinetaggap=\skip61
\mathdisplay@stack=\toks23
LaTeX Info: Redefining \[ on input line 2817.
LaTeX Info: Redefining \] on input line 2818.
)
("C:\Users\McMay XIII\AppData\Local\Programs\MiKTeX 2.9\tex\latex\amsfonts\amsf
onts.sty"
Package: amsfonts 2013/01/14 v3.01 Basic AMSFonts support
\symAMSa=\mathgroup4
\symAMSb=\mathgroup5
LaTeX Font Info:    Overwriting math alphabet `\mathfrak' in version `bold'
(Font)                  U/euf/m/n --> U/euf/b/n on input line 106.
)
("C:\Users\McMay XIII\AppData\Local\Programs\MiKTeX 2.9\tex\latex\amscls\amsthm
.sty"
Package: amsthm 2017/10/31 v2.20.4
\thm@style=\toks24
\thm@bodyfont=\toks25
\thm@headfont=\toks26
\thm@notefont=\toks27
\thm@headpunct=\toks28
\thm@preskip=\skip62
\thm@postskip=\skip63
\thm@headsep=\skip64
\dth@everypar=\toks29
)
("C:\Users\McMay XIII\AppData\Local\Programs\MiKTeX 2.9\tex\latex\graphics\grap
hics.sty"
Package: graphics 2017/06/25 v1.2c Standard LaTeX Graphics (DPC,SPQR)

("C:\Users\McMay XIII\AppData\Local\Programs\MiKTeX 2.9\tex\latex\graphics\trig
.sty"
Package: trig 2016/01/03 v1.10 sin cos tan (DPC)
)
("C:\Users\McMay XIII\AppData\Local\Programs\MiKTeX 2.9\tex\latex\graphics-cfg\
graphics.cfg"
File: graphics.cfg 2016/06/04 v1.11 sample graphics configuration
)
Package graphics Info: Driver file: pdftex.def on input line 99.

("C:\Users\McMay XIII\AppData\Local\Programs\MiKTeX 2.9\tex\latex\graphics-def\
pdftex.def"
File: pdftex.def 2018/01/08 v1.0l Graphics/color driver for pdftex
))
("C:\Users\McMay XIII\AppData\Local\Programs\MiKTeX 2.9\tex\latex\graphics\grap
hicx.sty"
Package: graphicx 2017/06/01 v1.1a Enhanced LaTeX Graphics (DPC,SPQR)
\Gin@req@height=\dimen116
\Gin@req@width=\dimen117
)
("C:\Users\McMay XIII\AppData\Local\Programs\MiKTeX 2.9\tex\latex\float\float.s
ty"
Package: float 2001/11/08 v1.3d Float enhancements (AL)
\c@float@type=\count104
\float@exts=\toks30
\float@box=\box30
\@float@everytoks=\toks31
\@floatcapt=\box31
)

Class scrartcl Warning: Usage of package `fancyhdr' together
(scrartcl)              with a KOMA-Script class is not recommended.
(scrartcl)              I'd suggest to use 
(scrartcl)              package `scrlayer' or `scrlayer-scrpage', because
(scrartcl)              they support KOMA-Script classes.
(scrartcl)              With `fancyhdr' several features of class `scrartcl'
(scrartcl)              like options `headsepline', `footsepline' or command
(scrartcl)              `\MakeMarkcase' and the commands `\setkomafont' and
(scrartcl)              `\addtokomafont' for the page style elements need
(scrartcl)              explicite user intervention to work.
(scrartcl)              Nevertheless, using requested
(scrartcl)              package `fancyhdr' on input line 40.


("C:\Users\McMay XIII\AppData\Local\Programs\MiKTeX 2.9\tex\latex\fancyhdr\fanc
yhdr.sty"
Package: fancyhdr 2017/06/30 v3.9a Extensive control of page headers and footer
s
\f@nch@headwidth=\skip65
\f@nch@O@elh=\skip66
\f@nch@O@erh=\skip67
\f@nch@O@olh=\skip68
\f@nch@O@orh=\skip69
\f@nch@O@elf=\skip70
\f@nch@O@erf=\skip71
\f@nch@O@olf=\skip72
\f@nch@O@orf=\skip73
) (guion-practicas-fft.aux
LaTeX Info: Redefining \. on input line 7.
LaTeX Info: Redefining \% on input line 7.


LaTeX Warning: Label `Color-resistencia' multiply defined.


LaTeX Warning: Label `Color-resistencia' multiply defined.


LaTeX Warning: Label `foto3a' multiply defined.


LaTeX Warning: Label `Bode' multiply defined.


LaTeX Warning: Label `medidas' multiply defined.


LaTeX Warning: Label `medidas' multiply defined.


LaTeX Warning: Label `Color-resistencia' multiply defined.


LaTeX Warning: Label `Color-resistencia' multiply defined.

)
\openout1 = `guion-practicas-fft.aux'.

LaTeX Font Info:    Checking defaults for OML/cmm/m/it on input line 81.
LaTeX Font Info:    ... okay on input line 81.
LaTeX Font Info:    Checking defaults for T1/cmr/m/n on input line 81.
LaTeX Font Info:    ... okay on input line 81.
LaTeX Font Info:    Checking defaults for OT1/cmr/m/n on input line 81.
LaTeX Font Info:    ... okay on input line 81.
LaTeX Font Info:    Checking defaults for OMS/cmsy/m/n on input line 81.
LaTeX Font Info:    ... okay on input line 81.
LaTeX Font Info:    Checking defaults for OMX/cmex/m/n on input line 81.
LaTeX Font Info:    ... okay on input line 81.
LaTeX Font Info:    Checking defaults for U/cmr/m/n on input line 81.
LaTeX Font Info:    ... okay on input line 81.
LaTeX Info: Redefining \. on input line 81.
LaTeX Info: Redefining \% on input line 81.

("C:\Users\McMay XIII\AppData\Local\Programs\MiKTeX 2.9\tex\context\base\supp-p
df.mkii"
[Loading MPS to PDF converter (version 2006.09.02).]
\scratchcounter=\count105
\scratchdimen=\dimen118
\scratchbox=\box32
\nofMPsegments=\count106
\nofMParguments=\count107
\everyMPshowfont=\toks32
\MPscratchCnt=\count108
\MPscratchDim=\dimen119
\MPnumerator=\count109
\makeMPintoPDFobject=\count110
\everyMPtoPDFconversion=\toks33
)
("C:\Users\McMay XIII\AppData\Local\Programs\MiKTeX 2.9\tex\latex\oberdiek\epst
opdf-base.sty"
Package: epstopdf-base 2016/05/15 v2.6 Base part for package epstopdf

("C:\Users\McMay XIII\AppData\Local\Programs\MiKTeX 2.9\tex\generic\oberdiek\in
fwarerr.sty"
Package: infwarerr 2016/05/16 v1.4 Providing info/warning/error messages (HO)
)
("C:\Users\McMay XIII\AppData\Local\Programs\MiKTeX 2.9\tex\latex\oberdiek\grfe
xt.sty"
Package: grfext 2016/05/16 v1.2 Manage graphics extensions (HO)

("C:\Users\McMay XIII\AppData\Local\Programs\MiKTeX 2.9\tex\generic\oberdiek\kv
definekeys.sty"
Package: kvdefinekeys 2016/05/16 v1.4 Define keys (HO)

("C:\Users\McMay XIII\AppData\Local\Programs\MiKTeX 2.9\tex\generic\oberdiek\lt
xcmds.sty"
Package: ltxcmds 2016/05/16 v1.23 LaTeX kernel commands for general use (HO)
)))
("C:\Users\McMay XIII\AppData\Local\Programs\MiKTeX 2.9\tex\latex\oberdiek\kvop
tions.sty"
Package: kvoptions 2016/05/16 v3.12 Key value format for package options (HO)

("C:\Users\McMay XIII\AppData\Local\Programs\MiKTeX 2.9\tex\generic\oberdiek\kv
setkeys.sty"
Package: kvsetkeys 2016/05/16 v1.17 Key value parser (HO)

("C:\Users\McMay XIII\AppData\Local\Programs\MiKTeX 2.9\tex\generic\oberdiek\et
excmds.sty"
Package: etexcmds 2016/05/16 v1.6 Avoid name clashes with e-TeX commands (HO)

("C:\Users\McMay XIII\AppData\Local\Programs\MiKTeX 2.9\tex\generic\oberdiek\if
luatex.sty"
Package: ifluatex 2016/05/16 v1.4 Provides the ifluatex switch (HO)
Package ifluatex Info: LuaTeX not detected.
)
Package etexcmds Info: Could not find \expanded.
(etexcmds)             That can mean that you are not using pdfTeX 1.50 or
(etexcmds)             that some package has redefined \expanded.
(etexcmds)             In the latter case, load this package earlier.
)))
("C:\Users\McMay XIII\AppData\Local\Programs\MiKTeX 2.9\tex\generic\oberdiek\pd
ftexcmds.sty"
Package: pdftexcmds 2018/01/21 v0.26 Utility functions of pdfTeX for LuaTeX (HO
)

("C:\Users\McMay XIII\AppData\Local\Programs\MiKTeX 2.9\tex\generic\oberdiek\if
pdf.sty"
Package: ifpdf 2017/03/15 v3.2 Provides the ifpdf switch
)
Package pdftexcmds Info: LuaTeX not detected.
Package pdftexcmds Info: \pdf@primitive is available.
Package pdftexcmds Info: \pdf@ifprimitive is available.
Package pdftexcmds Info: \pdfdraftmode found.
)
Package epstopdf-base Info: Redefining graphics rule for `.eps' on input line 4
38.
Package grfext Info: Graphics extension search list:
(grfext)             [.pdf,.png,.jpg,.mps,.jpeg,.jbig2,.jb2,.PDF,.PNG,.JPG,.JPE
G,.JBIG2,.JB2,.eps]
(grfext)             \AppendGraphicsExtensions on input line 456.
)
LaTeX Font Info:    Try loading font information for T1+cmss on input line 84.

("C:\Users\McMay XIII\AppData\Local\Programs\MiKTeX 2.9\tex\latex\base\t1cmss.f
d"
File: t1cmss.fd 2014/09/29 v2.5h Standard LaTeX font definitions
)
<image/ugr.png, id=1, 521.7894pt x 521.7894pt>
File: image/ugr.png Graphic file (type png)
<use image/ugr.png>
Package pdftex.def Info: image/ugr.png  used on input line 84.
(pdftex.def)             Requested size: 260.89406pt x 260.89406pt.
LaTeX Font Info:    Try loading font information for U+msa on input line 84.

("C:\Users\McMay XIII\AppData\Local\Programs\MiKTeX 2.9\tex\latex\amsfonts\umsa
.fd"
File: umsa.fd 2013/01/14 v3.01 AMS symbols A
)
LaTeX Font Info:    Try loading font information for U+msb on input line 84.

("C:\Users\McMay XIII\AppData\Local\Programs\MiKTeX 2.9\tex\latex\amsfonts\umsb
.fd"
File: umsb.fd 2013/01/14 v3.01 AMS symbols B
)
! Extra alignment tab has been changed to \cr.
<recently read> \endtemplate 
                             
l.84 
     
You have given more \span or & marks than there were
in the preamble to the \halign or \valign now in progress.
So I'll assume that you meant to type \cr instead.

[1


{C:/Users/McMay XIII/AppData/Local/MiKTeX/2.9/pdftex/config/pdftex.map} <./imag
e/ugr.png>] (guion-practicas-fft.toc
LaTeX Info: Redefining \. on input line 1.
LaTeX Info: Redefining \% on input line 1.
Package tocbasic Info: Using my definition of `\numberline' on input line 2.
Package tocbasic Info: Using my definition of `\numberline' on input line 3.
Package tocbasic Info: Using my definition of `\numberline' on input line 4.
Package tocbasic Info: Using my definition of `\numberline' on input line 5.
Package tocbasic Info: Using my definition of `\numberline' on input line 6.
Package tocbasic Info: Using my definition of `\numberline' on input line 7.
Package tocbasic Info: Using my definition of `\numberline' on input line 8.
Package tocbasic Info: Using my definition of `\numberline' on input line 9.
Package tocbasic Info: Using my definition of `\numberline' on input line 10.
Package tocbasic Info: Using my definition of `\numberline' on input line 11.
Package tocbasic Info: Using my definition of `\numberline' on input line 12.
Package tocbasic Info: Using my definition of `\numberline' on input line 13.
Package tocbasic Info: Using my definition of `\numberline' on input line 14.
Package tocbasic Info: Using my definition of `\numberline' on input line 15.
Package tocbasic Info: Using my definition of `\numberline' on input line 16.
Package tocbasic Info: Using my definition of `\numberline' on input line 17.
Package tocbasic Info: Using my definition of `\numberline' on input line 18.
Package tocbasic Info: Using my definition of `\numberline' on input line 19.
Package tocbasic Info: Using my definition of `\numberline' on input line 20.
Package tocbasic Info: Using my definition of `\numberline' on input line 21.
Package tocbasic Info: Using my definition of `\numberline' on input line 22.
Package tocbasic Info: Using my definition of `\numberline' on input line 23.
Package tocbasic Info: Using my definition of `\numberline' on input line 24.
Package tocbasic Info: Using my definition of `\numberline' on input line 25.
Package tocbasic Info: Using my definition of `\numberline' on input line 26.
Package tocbasic Info: Using my definition of `\numberline' on input line 27.
Package tocbasic Info: Using my definition of `\numberline' on input line 28.
Package tocbasic Info: Using my definition of `\numberline' on input line 29.
Package tocbasic Info: Using my definition of `\numberline' on input line 30.
Package tocbasic Info: Using my definition of `\numberline' on input line 31.
Package tocbasic Info: Using my definition of `\numberline' on input line 32.
Package tocbasic Info: Using my definition of `\numberline' on input line 33.
Package tocbasic Info: Using my definition of `\numberline' on input line 34.
Package tocbasic Info: Using my definition of `\numberline' on input line 35.
Package tocbasic Info: Using my definition of `\numberline' on input line 36.
Package tocbasic Info: Using my definition of `\numberline' on input line 37.
Package tocbasic Info: Using my definition of `\numberline' on input line 38.
Package tocbasic Info: Using my definition of `\numberline' on input line 39.
 [2]
Package tocbasic Info: Using my definition of `\numberline' on input line 40.
Package tocbasic Info: Using my definition of `\numberline' on input line 41.
Package tocbasic Info: Using my definition of `\numberline' on input line 42.
Package tocbasic Info: Using my definition of `\numberline' on input line 43.
Package tocbasic Info: Using my definition of `\numberline' on input line 44.
Package tocbasic Info: Using my definition of `\numberline' on input line 45.
Package tocbasic Info: Using my definition of `\numberline' on input line 46.
Package tocbasic Info: Using my definition of `\numberline' on input line 47.
)
\tf@toc=\write3
\openout3 = `guion-practicas-fft.toc'.

 (guion-practicas-fft.lof
LaTeX Info: Redefining \. on input line 1.
LaTeX Info: Redefining \% on input line 1.
 [3])
\tf@lof=\write4
\openout4 = `guion-practicas-fft.lof'.


(guion-practicas-fft.lot
LaTeX Info: Redefining \. on input line 1.
LaTeX Info: Redefining \% on input line 1.
)
\tf@lot=\write5
\openout5 = `guion-practicas-fft.lot'.

 [4]
Underfull \hbox (badness 10000) in paragraph at lines 105--106

 []


Underfull \hbox (badness 10000) in paragraph at lines 107--108

 []

<image/fuente-tension.png, id=26, 107.65219pt x 66.2475pt>
File: image/fuente-tension.png Graphic file (type png)
<use image/fuente-tension.png>
Package pdftex.def Info: image/fuente-tension.png  used on input line 111.
(pdftex.def)             Requested size: 107.65192pt x 66.24733pt.

Underfull \hbox (badness 10000) in paragraph at lines 121--122

 []


Underfull \hbox (badness 10000) in paragraph at lines 123--124

 []

<image/medida-tension.png, id=27, 295.1025pt x 123.46124pt>
File: image/medida-tension.png Graphic file (type png)
<use image/medida-tension.png>
Package pdftex.def Info: image/medida-tension.png  used on input line 132.
(pdftex.def)             Requested size: 295.10176pt x 123.46092pt.
[5 <./image/fuente-tension.png (PNG copy)>]
Underfull \hbox (badness 10000) in paragraph at lines 135--136

 []

<image/medida-intensidad1.png, id=35, 363.3575pt x 149.55875pt>
File: image/medida-intensidad1.png Graphic file (type png)
<use image/medida-intensidad1.png>
Package pdftex.def Info: image/medida-intensidad1.png  used on input line 144.
(pdftex.def)             Requested size: 363.3566pt x 149.55838pt.

Underfull \hbox (badness 10000) in paragraph at lines 147--148

 []


Underfull \hbox (badness 10000) in paragraph at lines 149--150

 []

[6 <./image/medida-tension.png (PNG copy)> <./image/medida-intensidad1.png>]
Underfull \hbox (badness 10000) in paragraph at lines 151--152

 []

<image/medida-intensidad2.png, id=40, 238.64156pt x 79.79813pt>
File: image/medida-intensidad2.png Graphic file (type png)
<use image/medida-intensidad2.png>
Package pdftex.def Info: image/medida-intensidad2.png  used on input line 157.
(pdftex.def)             Requested size: 238.64096pt x 79.79791pt.

Underfull \hbox (badness 10000) in paragraph at lines 160--162

 []


Underfull \hbox (badness 10000) in paragraph at lines 165--166

 []

[7 <./image/medida-intensidad2.png (PNG copy)>]
Underfull \hbox (badness 10000) in paragraph at lines 173--174

 []

<image/agrupacion-resistencia.png, id=46, 376.40625pt x 135.50626pt>
File: image/agrupacion-resistencia.png Graphic file (type png)
<use image/agrupacion-resistencia.png>
Package pdftex.def Info: image/agrupacion-resistencia.png  used on input line 1
80.
(pdftex.def)             Requested size: 376.40532pt x 135.5059pt.
<image/valor-resistencia.png, id=47, 800.9925pt x 321.2pt>
File: image/valor-resistencia.png Graphic file (type png)
<use image/valor-resistencia.png>
Package pdftex.def Info: image/valor-resistencia.png  used on input line 185.
(pdftex.def)             Requested size: 400.49527pt x 160.59961pt.
[8 <./image/agrupacion-resistencia.png (PNG copy)> <./image/valor-resistencia.p
ng>]
<image/practica1-resistencias2.png, id=52, 646.66594pt x 598.48593pt>
File: image/practica1-resistencias2.png Graphic file (type png)
<use image/practica1-resistencias2.png>
Package pdftex.def Info: image/practica1-resistencias2.png  used on input line 
195.
(pdftex.def)             Requested size: 258.66179pt x 239.39012pt.

Overfull \hbox (42.37105pt too wide) in paragraph at lines 201--214
 [][] 
 []


Underfull \hbox (badness 10000) in paragraph at lines 217--218

 []


Underfull \hbox (badness 10000) in paragraph at lines 219--220

 []


Underfull \hbox (badness 10000) in paragraph at lines 221--222

 []


Underfull \hbox (badness 10000) in paragraph at lines 223--224

 []


Underfull \hbox (badness 10000) in paragraph at lines 225--226

 []

[9 <./image/practica1-resistencias2.png>]
Underfull \hbox (badness 10000) in paragraph at lines 227--228

 []


Underfull \hbox (badness 10000) in paragraph at lines 229--230

 []


Underfull \hbox (badness 10000) in paragraph at lines 231--232

 []


Underfull \hbox (badness 10000) in paragraph at lines 233--234

 []


Underfull \hbox (badness 10000) in paragraph at lines 235--236

 []


Underfull \hbox (badness 10000) in paragraph at lines 237--240

 []

[10]
Underfull \hbox (badness 10000) in paragraph at lines 245--246

 []


Underfull \hbox (badness 10000) in paragraph at lines 247--248

 []

<image/bombilla.png, id=61, 180.675pt x 98.61844pt>
File: image/bombilla.png Graphic file (type png)
<use image/bombilla.png>
Package pdftex.def Info: image/bombilla.png  used on input line 251.
(pdftex.def)             Requested size: 180.67455pt x 98.61818pt.

Underfull \hbox (badness 10000) in paragraph at lines 254--255

 []


Underfull \hbox (badness 10000) in paragraph at lines 256--259

 []


Underfull \hbox (badness 10000) in paragraph at lines 260--261

 []


Underfull \hbox (badness 10000) in paragraph at lines 262--264

 []


Underfull \hbox (badness 10000) in paragraph at lines 265--266

 []

[11 <./image/bombilla.png (PNG copy)>]
Underfull \hbox (badness 10000) in paragraph at lines 269--270

 []


Underfull \hbox (badness 10000) in paragraph at lines 271--272

 []


Underfull \hbox (badness 10000) in paragraph at lines 273--274

 []


Underfull \hbox (badness 10000) in paragraph at lines 275--276

 []


Underfull \hbox (badness 10000) in paragraph at lines 277--278

 []

[12]
Underfull \hbox (badness 10000) in paragraph at lines 288--289

 []


Underfull \hbox (badness 10000) in paragraph at lines 290--291

 []

File: image/fuente-tension.png Graphic file (type png)
<use image/fuente-tension.png>
Package pdftex.def Info: image/fuente-tension.png  used on input line 294.
(pdftex.def)             Requested size: 107.65192pt x 66.24733pt.

Underfull \hbox (badness 10000) in paragraph at lines 304--305

 []

File: image/medida-tension.png Graphic file (type png)
<use image/medida-tension.png>
Package pdftex.def Info: image/medida-tension.png  used on input line 313.
(pdftex.def)             Requested size: 295.10176pt x 123.46092pt.
[13]
File: image/medida-intensidad1.png Graphic file (type png)
<use image/medida-intensidad1.png>
Package pdftex.def Info: image/medida-intensidad1.png  used on input line 325.
(pdftex.def)             Requested size: 363.3566pt x 149.55838pt.
 [14]
Underfull \hbox (badness 10000) in paragraph at lines 330--331

 []


Underfull \hbox (badness 10000) in paragraph at lines 334--335

 []


Underfull \hbox (badness 10000) in paragraph at lines 336--337

 []


Underfull \hbox (badness 10000) in paragraph at lines 338--339

 []


Underfull \hbox (badness 10000) in paragraph at lines 340--341

 []

File: image/medida-intensidad2.png Graphic file (type png)
<use image/medida-intensidad2.png>
Package pdftex.def Info: image/medida-intensidad2.png  used on input line 346.
(pdftex.def)             Requested size: 238.64096pt x 79.79791pt.

Underfull \hbox (badness 10000) in paragraph at lines 349--350

 []


Underfull \hbox (badness 10000) in paragraph at lines 353--354

 []


Underfull \hbox (badness 10000) in paragraph at lines 355--356

 []


Underfull \hbox (badness 10000) in paragraph at lines 361--362

 []

[15]
File: image/agrupacion-resistencia.png Graphic file (type png)
<use image/agrupacion-resistencia.png>
Package pdftex.def Info: image/agrupacion-resistencia.png  used on input line 3
68.
(pdftex.def)             Requested size: 376.40532pt x 135.5059pt.

Underfull \hbox (badness 10000) in paragraph at lines 371--372

 []

<image/practica1-resistencias.png, id=79, 963.6pt x 722.7pt>
File: image/practica1-resistencias.png Graphic file (type png)
<use image/practica1-resistencias.png>
Package pdftex.def Info: image/practica1-resistencias.png  used on input line 3
75.
(pdftex.def)             Requested size: 289.08223pt x 216.81166pt.
<image/tablavictor.png, id=80, 405.76593pt x 113.67468pt>
File: image/tablavictor.png Graphic file (type png)
<use image/tablavictor.png>
Package pdftex.def Info: image/tablavictor.png  used on input line 381.
(pdftex.def)             Requested size: 418.25555pt x 117.1764pt.
[16 <./image/practica1-resistencias.png>]
Overfull \hbox (4.0139pt too wide) in paragraph at lines 386--388
\T1/cmr/m/n/10.95 Agrupamos R1, R2, R4, R6 y las su-ma-mos nor-mal ya que es-tá
n en se-rie ->R1+R2+R4+R6
 []


Underfull \hbox (badness 10000) in paragraph at lines 386--388

 []


Underfull \hbox (badness 10000) in paragraph at lines 389--390

 []


Underfull \hbox (badness 10000) in paragraph at lines 391--392

 []


Underfull \hbox (badness 10000) in paragraph at lines 393--394

 []


Underfull \hbox (badness 10000) in paragraph at lines 395--396

 []


Underfull \hbox (badness 10000) in paragraph at lines 399--400

 []


Underfull \hbox (badness 10000) in paragraph at lines 401--402

 []


Underfull \hbox (badness 10000) in paragraph at lines 403--404

 []


Underfull \hbox (badness 10000) in paragraph at lines 405--406

 []


Underfull \hbox (badness 10000) in paragraph at lines 407--408

 []


Underfull \hbox (badness 10000) in paragraph at lines 409--410

 []

[17 <./image/tablavictor.png (PNG copy)>]
Underfull \hbox (badness 10000) in paragraph at lines 411--412

 []


Underfull \hbox (badness 10000) in paragraph at lines 415--416

 []


Underfull \hbox (badness 10000) in paragraph at lines 417--418

 []

File: image/bombilla.png Graphic file (type png)
<use image/bombilla.png>
Package pdftex.def Info: image/bombilla.png  used on input line 421.
(pdftex.def)             Requested size: 180.67455pt x 98.61818pt.

Underfull \hbox (badness 10000) in paragraph at lines 424--425

 []


Underfull \hbox (badness 10000) in paragraph at lines 426--427

 []


Underfull \hbox (badness 10000) in paragraph at lines 428--429

 []

[18]
Underfull \hbox (badness 10000) in paragraph at lines 430--431

 []


Underfull \hbox (badness 10000) in paragraph at lines 432--433

 []


Underfull \hbox (badness 10000) in paragraph at lines 434--435

 []


Underfull \hbox (badness 10000) in paragraph at lines 436--437

 []


Underfull \hbox (badness 10000) in paragraph at lines 438--439

 []


Underfull \hbox (badness 10000) in paragraph at lines 441--442

 []

[19]
Underfull \hbox (badness 10000) in paragraph at lines 466--467

 []


Overfull \hbox (2.31786pt too wide) in paragraph at lines 474--474
[]|\T1/cmr/bx/n/10.95 TRIANGULAR| 
 []


Overfull \hbox (4.00688pt too wide) in paragraph at lines 474--475
[]|\T1/cmr/bx/n/10.95 CUADRADA| 
 []


Underfull \hbox (badness 10000) in paragraph at lines 476--476
[]|\T1/cmr/bx/n/10.95 AMPLITUD
 []


Underfull \hbox (badness 10000) in paragraph at lines 476--476
\T1/cmr/bx/n/10.95 PE-RIO-DO
 []


Underfull \hbox (badness 10000) in paragraph at lines 476--476
\T1/cmr/bx/n/10.95 FRE-CUEN-
 []


Overfull \vbox (58.23112pt too high) detected at line 478
 []


Underfull \hbox (badness 10000) in paragraph at lines 479--479
[]|\T1/cmr/bx/n/10.95 AMPLITUD
 []


Underfull \hbox (badness 10000) in paragraph at lines 479--479
\T1/cmr/bx/n/10.95 PE-RIO-DO
 []


Underfull \hbox (badness 10000) in paragraph at lines 479--479
\T1/cmr/bx/n/10.95 FRE-CUEN-
 []


Underfull \hbox (badness 10000) in paragraph at lines 481--481
[]|\T1/cmr/bx/n/10.95 AMPLITUD
 []


Underfull \hbox (badness 10000) in paragraph at lines 481--481
\T1/cmr/bx/n/10.95 PE-RIO-DO
 []


Underfull \hbox (badness 10000) in paragraph at lines 481--481
\T1/cmr/bx/n/10.95 FRE-CUEN-
 []


Overfull \hbox (3.50507pt too wide) in paragraph at lines 483--483
[]|\T1/cmr/bx/n/10.95 AUTOMÁTICO| 
 []


Underfull \hbox (badness 10000) in paragraph at lines 483--483
[]|\T1/cmr/bx/n/10.95 AMPLITUD
 []


Underfull \hbox (badness 10000) in paragraph at lines 483--483
\T1/cmr/bx/n/10.95 PE-RIO-DO
 []


Underfull \hbox (badness 10000) in paragraph at lines 483--483
\T1/cmr/bx/n/10.95 FRE-CUEN-
 []


Overfull \hbox (61.99612pt too wide) in paragraph at lines 472--486
 [][] 
 []

[20]
<image/filtro-baja.png, id=97, 465.99094pt x 127.22531pt>
File: image/filtro-baja.png Graphic file (type png)
<use image/filtro-baja.png>
Package pdftex.def Info: image/filtro-baja.png  used on input line 496.
(pdftex.def)             Requested size: 465.98979pt x 127.22499pt.

Overfull \hbox (47.73424pt too wide) in paragraph at lines 496--497
 [][] 
 []

<image/practica3-A.png, id=98, 963.6pt x 722.7pt>
File: image/practica3-A.png Graphic file (type png)
<use image/practica3-A.png>
Package pdftex.def Info: image/practica3-A.png  used on input line 501.
(pdftex.def)             Requested size: 385.43317pt x 289.07487pt.
[21 <./image/filtro-baja.png (PNG copy)> <./image/practica3-A.png>]
Underfull \hbox (badness 10000) in paragraph at lines 507--508

 []


Underfull \hbox (badness 10000) in paragraph at lines 509--512

 []


LaTeX Warning: Command \textperiodcentered invalid in math mode on input line 5
18.

LaTeX Font Info:    Try loading font information for OMS+cmr on input line 518.


("C:\Users\McMay XIII\AppData\Local\Programs\MiKTeX 2.9\tex\latex\base\omscmr.f
d"
File: omscmr.fd 2014/09/29 v2.5h Standard LaTeX font definitions
)
LaTeX Font Info:    Font shape `OMS/cmr/m/it' in size <10.95> not available
(Font)              Font shape `OMS/cmsy/m/n' tried instead on input line 518.


LaTeX Warning: Command \textperiodcentered invalid in math mode on input line 5
18.

[22]
<image/diagrama-bode.png, id=105, 441.90094pt x 350.05782pt>
File: image/diagrama-bode.png Graphic file (type png)
<use image/diagrama-bode.png>
Package pdftex.def Info: image/diagrama-bode.png  used on input line 567.
(pdftex.def)             Requested size: 441.89986pt x 350.05695pt.

Overfull \hbox (23.6443pt too wide) in paragraph at lines 567--568
 [][] 
 []

[23] [24 <./image/diagrama-bode.png>]
Underfull \hbox (badness 10000) in paragraph at lines 587--588

 []

<image/tablavictor2.png, id=113, 802.49812pt x 360.59718pt>
File: image/tablavictor2.png Graphic file (type png)
<use image/tablavictor2.png>
Package pdftex.def Info: image/tablavictor2.png  used on input line 591.
(pdftex.def)             Requested size: 418.25555pt x 187.94629pt.
[25 <./image/tablavictor2.png (PNG copy)>]
File: image/filtro-baja.png Graphic file (type png)
<use image/filtro-baja.png>
Package pdftex.def Info: image/filtro-baja.png  used on input line 605.
(pdftex.def)             Requested size: 465.98979pt x 127.22499pt.

Overfull \hbox (47.73424pt too wide) in paragraph at lines 605--606
 [][] 
 []

<image/ampli-victor.png, id=118, 722.7pt x 613.54219pt>
File: image/ampli-victor.png Graphic file (type png)
<use image/ampli-victor.png>
Package pdftex.def Info: image/ampli-victor.png  used on input line 610.
(pdftex.def)             Requested size: 289.07487pt x 245.41252pt.
[26 <./image/ampli-victor.png>]
Underfull \hbox (badness 10000) in paragraph at lines 616--617

 []


LaTeX Warning: Command \textperiodcentered invalid in math mode on input line 6
23.


LaTeX Warning: Command \textperiodcentered invalid in math mode on input line 6
23.


Underfull \hbox (badness 10000) in paragraph at lines 627--628

 []


Underfull \hbox (badness 10000) in paragraph at lines 629--630

 []


Underfull \hbox (badness 10000) in paragraph at lines 631--632

 []


Underfull \hbox (badness 10000) in paragraph at lines 633--635

 []


Underfull \hbox (badness 10000) in paragraph at lines 636--637

 []


Underfull \hbox (badness 10000) in paragraph at lines 638--639

 []


Underfull \hbox (badness 10000) in paragraph at lines 640--641

 []


Underfull \hbox (badness 10000) in paragraph at lines 643--644

 []

[27] [28]
<image/bodevictor.png, id=128, 367.3725pt x 213.04594pt>
File: image/bodevictor.png Graphic file (type png)
<use image/bodevictor.png>
Package pdftex.def Info: image/bodevictor.png  used on input line 706.
(pdftex.def)             Requested size: 440.84477pt x 255.65384pt.

Overfull \hbox (22.58922pt too wide) in paragraph at lines 706--707
 [][] 
 []

[29] [30 <./image/bodevictor.png (PNG copy)>]
<image/screenshot002.png, id=135, 213.04594pt x 136.25906pt>
File: image/screenshot002.png Graphic file (type png)
<use image/screenshot002.png>
Package pdftex.def Info: image/screenshot002.png  used on input line 730.
(pdftex.def)             Requested size: 167.29967pt x 107.00725pt.
LaTeX Font Info:    Font shape `OMS/cmr/m/n' in size <10.95> not available
(Font)              Font shape `OMS/cmsy/m/n' tried instead on input line 735.
<image/screenshot003.png, id=136, 542.77782pt x 203.25937pt>
File: image/screenshot003.png Graphic file (type png)
<use image/screenshot003.png>
Package pdftex.def Info: image/screenshot003.png  used on input line 748.
(pdftex.def)             Requested size: 292.7776pt x 109.64366pt.
 [31 <./image/screenshot002.png (PNG copy)>]
Overfull \hbox (3.43129pt too wide) in paragraph at lines 757--757
\OT1/cmr/m/n/10.95 (\OML/cmm/m/it/10.95 osciloscopio\OT1/cmr/m/n/10.95 )$| 
 []


Overfull \hbox (32.12018pt too wide) in paragraph at lines 755--766
 [][] 
 []

<image/diodo-verde.png, id=142, 805.0075pt x 629.35126pt>
File: image/diodo-verde.png Graphic file (type png)
<use image/diodo-verde.png>
Package pdftex.def Info: image/diodo-verde.png  used on input line 772.
(pdftex.def)             Requested size: 321.9973pt x 251.73604pt.
<image/foto-diodo-verde.png, id=143, 674.52pt x 610.53094pt>
File: image/foto-diodo-verde.png Graphic file (type png)
<use image/foto-diodo-verde.png>
Package pdftex.def Info: image/foto-diodo-verde.png  used on input line 779.
(pdftex.def)             Requested size: 269.80322pt x 244.20804pt.
[32 <./image/screenshot003.png (PNG copy)> <./image/diodo-verde.png>]
<image/diodo-rojo.png, id=147, 805.0075pt x 629.35126pt>
File: image/diodo-rojo.png Graphic file (type png)
<use image/diodo-rojo.png>
Package pdftex.def Info: image/diodo-rojo.png  used on input line 786.
(pdftex.def)             Requested size: 321.9973pt x 251.73604pt.
<image/foto-diodo-rojo.png, id=148, 667.74469pt x 640.64343pt>
File: image/foto-diodo-rojo.png Graphic file (type png)
<use image/foto-diodo-rojo.png>
Package pdftex.def Info: image/foto-diodo-rojo.png  used on input line 793.
(pdftex.def)             Requested size: 267.09314pt x 256.25282pt.
 [33 <./image/foto-diodo-verde.png> <./image/diodo-rojo.png>]
<image/diodo-negro.png, id=152, 805.0075pt x 629.35126pt>
File: image/diodo-negro.png Graphic file (type png)
<use image/diodo-negro.png>
Package pdftex.def Info: image/diodo-negro.png  used on input line 800.
(pdftex.def)             Requested size: 321.9973pt x 251.73604pt.
<image/foto-diodo-negro.png, id=153, 660.96938pt x 451.6875pt>
File: image/foto-diodo-negro.png Graphic file (type png)
<use image/foto-diodo-negro.png>
Package pdftex.def Info: image/foto-diodo-negro.png  used on input line 807.
(pdftex.def)             Requested size: 330.48387pt x 225.84319pt.
 [34 <./image/foto-diodo-rojo.png> <./image/diodo-negro.png>]
<image/all-diodos.png, id=157, 920.43875pt x 757.83125pt>
File: image/all-diodos.png Graphic file (type png)
<use image/all-diodos.png>
Package pdftex.def Info: image/all-diodos.png  used on input line 814.
(pdftex.def)             Requested size: 322.15839pt x 265.2449pt.
 [35 <./image/foto-diodo-negro.png> <./image/all-diodos.png>]
Underfull \hbox (badness 10000) in paragraph at lines 825--826

 []

<image/lex-diodo.png, id=161, 722.7pt x 609.77812pt>
File: image/lex-diodo.png Graphic file (type png)
<use image/lex-diodo.png>
Package pdftex.def Info: image/lex-diodo.png  used on input line 831.
(pdftex.def)             Requested size: 289.07487pt x 243.90692pt.

Underfull \hbox (badness 10000) in paragraph at lines 847--848

 []


Underfull \hbox (badness 10000) in paragraph at lines 849--850

 []

[36 <./image/lex-diodo.png>]
Underfull \hbox (badness 10000) in paragraph at lines 853--854

 []

<image/screenshot005.png, id=165, 200.24812pt x 94.85437pt>
File: image/screenshot005.png Graphic file (type png)
<use image/screenshot005.png>
Package pdftex.def Info: image/screenshot005.png  used on input line 857.
(pdftex.def)             Requested size: 200.24763pt x 94.85413pt.

Underfull \hbox (badness 10000) in paragraph at lines 860--861

 []

[37 <./image/screenshot005.png (PNG copy)>]
Underfull \hbox (badness 10000) in paragraph at lines 868--869

 []

<image/p4f1.png, id=170, 248.42813pt x 209.28188pt>
File: image/p4f1.png Graphic file (type png)
<use image/p4f1.png>
Package pdftex.def Info: image/p4f1.png  used on input line 874.
(pdftex.def)             Requested size: 167.29967pt x 140.93982pt.
<image/transistorA.png, id=171, 500.62032pt x 344.78813pt>
File: image/transistorA.png Graphic file (type png)
<use image/transistorA.png>
Package pdftex.def Info: image/transistorA.png  used on input line 879.
(pdftex.def)             Requested size: 350.43182pt x 241.35004pt.
[38 <./image/p4f1.png (PNG copy)> <./image/transistorA.png>]
Underfull \hbox (badness 10000) in paragraph at lines 895--896

 []


LaTeX Warning: Command \' invalid in math mode on input line 897.

Missing character: There is no ó in font cmr10!
<image/transistor.png, id=175, 829.0975pt x 695.59875pt>
File: image/transistor.png Graphic file (type png)
<use image/transistor.png>
Package pdftex.def Info: image/transistor.png  used on input line 901.
(pdftex.def)             Requested size: 331.63313pt x 278.23457pt.
[39 <./image/transistor.png>]
Underfull \hbox (badness 10000) in paragraph at lines 925--926

 []

<image/5b.png, id=179, 229.60782pt x 154.32657pt>
File: image/5b.png Graphic file (type png)
<use image/5b.png>
Package pdftex.def Info: image/5b.png  used on input line 929.
(pdftex.def)             Requested size: 209.12778pt x 140.56924pt.
<image/transistorB.png, id=180, 722.7pt x 634.62094pt>
File: image/transistorB.png Graphic file (type png)
<use image/transistorB.png>
Package pdftex.def Info: image/transistorB.png  used on input line 935.
(pdftex.def)             Requested size: 289.07487pt x 253.84387pt.
[40 <./image/5b.png (PNG copy)>]
Underfull \hbox (badness 10000) in paragraph at lines 940--941

 []


Underfull \hbox (badness 10000) in paragraph at lines 943--944

 []

[41 <./image/transistorB.png>]
<image/p5a.png, id=187, 338.01282pt x 131.74219pt>
File: image/p5a.png Graphic file (type png)
<use image/p5a.png>
Package pdftex.def Info: image/p5a.png  used on input line 974.
(pdftex.def)             Requested size: 292.7776pt x 114.11421pt.
<image/NOT5A.png, id=188, 722.7pt x 634.62094pt>
File: image/NOT5A.png Graphic file (type png)
<use image/NOT5A.png>
Package pdftex.def Info: image/NOT5A.png  used on input line 984.
(pdftex.def)             Requested size: 289.07487pt x 253.84387pt.
 [42 <./image/p5a.png (PNG copy)> <./image/NOT5A.png>]
<image/cmos-res.png, id=192, 722.7pt x 588.69937pt>
File: image/cmos-res.png Graphic file (type png)
<use image/cmos-res.png>
Package pdftex.def Info: image/cmos-res.png  used on input line 996.
(pdftex.def)             Requested size: 289.07487pt x 235.47557pt.
<image/NOTp5a.png, id=193, 816.04875pt x 691.58376pt>
File: image/NOTp5a.png Graphic file (type png)
<use image/NOTp5a.png>
Package pdftex.def Info: image/NOTp5a.png  used on input line 1003.
(pdftex.def)             Requested size: 220.3361pt x 186.7301pt.
<image/cmos-sinres.png, id=194, 722.7pt x 572.1375pt>
File: image/cmos-sinres.png Graphic file (type png)
<use image/cmos-sinres.png>
Package pdftex.def Info: image/cmos-sinres.png  used on input line 1010.
(pdftex.def)             Requested size: 289.07487pt x 228.85094pt.
 [43 <./image/cmos-res.png> <./image/NOTp5a.png>]
<image/NOTp5b.png, id=199, 882.29625pt x 738.76pt>
File: image/NOTp5b.png Graphic file (type png)
<use image/NOTp5b.png>
Package pdftex.def Info: image/NOTp5b.png  used on input line 1017.
(pdftex.def)             Requested size: 238.22318pt x 199.46785pt.

Underfull \hbox (badness 10000) in paragraph at lines 1027--1028

 []

[44 <./image/cmos-sinres.png> <./image/NOTp5b.png>]
<image/NOT5B1.png, id=203, 963.6pt x 722.7pt>
File: image/NOT5B1.png Graphic file (type png)
<use image/NOT5B1.png>
Package pdftex.def Info: image/NOT5B1.png  used on input line 1033.
(pdftex.def)             Requested size: 289.08223pt x 216.81166pt.
<image/NOT5B2.png, id=204, 963.6pt x 542.025pt>
File: image/NOT5B2.png Graphic file (type png)
<use image/NOT5B2.png>
Package pdftex.def Info: image/NOT5B2.png  used on input line 1042.
(pdftex.def)             Requested size: 385.43317pt x 216.80615pt.

Underfull \hbox (badness 10000) in paragraph at lines 1047--1048

 []

[45 <./image/NOT5B1.png> <./image/NOT5B2.png>]
<image/NOT5B3.png, id=208, 963.6pt x 722.7pt>
File: image/NOT5B3.png Graphic file (type png)
<use image/NOT5B3.png>
Package pdftex.def Info: image/NOT5B3.png  used on input line 1053.
(pdftex.def)             Requested size: 240.89941pt x 180.67455pt.
<image/NOT5B4.png, id=209, 963.6pt x 542.025pt>
File: image/NOT5B4.png Graphic file (type png)
<use image/NOT5B4.png>
Package pdftex.def Info: image/NOT5B4.png  used on input line 1062.
(pdftex.def)             Requested size: 385.43317pt x 216.80615pt.
 [46 <./image/NOT5B3.png> <./image/NOT5B4.png>]
Underfull \hbox (badness 10000) in paragraph at lines 1072--1073

 []

<image/prac6A.png, id=213, 679.03688pt x 542.77782pt>
File: image/prac6A.png Graphic file (type png)
<use image/prac6A.png>
Package pdftex.def Info: image/prac6A.png  used on input line 1085.
(pdftex.def)             Requested size: 305.56377pt x 244.24776pt.
[47 <./image/prac6A.png>]
<image/prac61.png, id=217, 963.6pt x 722.7pt>
File: image/prac61.png Graphic file (type png)
<use image/prac61.png>
Package pdftex.def Info: image/prac61.png  used on input line 1109.
(pdftex.def)             Requested size: 385.43317pt x 289.07487pt.

Overfull \hbox (36.66248pt too wide) in paragraph at lines 1116--1127
 [][] 
 []

[48 <./image/prac61.png>] [49]
<image/p7.png, id=225, 598.48593pt x 159.59625pt>
File: image/p7.png Graphic file (type png)
<use image/p7.png>
Package pdftex.def Info: image/p7.png  used on input line 1149.
(pdftex.def)             Requested size: 418.25555pt x 111.53639pt.
 [50 <./image/p7.png (PNG copy)>]
<image/prac7A.png, id=229, 963.6pt x 722.7pt>
File: image/prac7A.png Graphic file (type png)
<use image/prac7A.png>
Package pdftex.def Info: image/prac7A.png  used on input line 1171.
(pdftex.def)             Requested size: 385.43317pt x 289.07487pt.

Underfull \hbox (badness 10000) in paragraph at lines 1176--1177

 []

<image/prac71.png, id=230, 736.25063pt x 486.31688pt>
File: image/prac71.png Graphic file (type png)
<use image/prac71.png>
Package pdftex.def Info: image/prac71.png  used on input line 1180.
(pdftex.def)             Requested size: 441.75378pt x 291.79237pt.

Overfull \hbox (23.49823pt too wide) in paragraph at lines 1180--1181
 [][] 
 []

[51 <./image/prac7A.png>]
Underfull \hbox (badness 10000) in paragraph at lines 1185--1186

 []


Underfull \hbox (badness 10000) in paragraph at lines 1187--1188

 []


Overfull \hbox (56.16139pt too wide) in paragraph at lines 1191--1198
 [][] 
 []

[52 <./image/prac71.png>]
Underfull \hbox (badness 10000) in paragraph at lines 1205--1206

 []

<image/practica1-bombillaA.png, id=237, 299.61937pt x 277.035pt>
File: image/practica1-bombillaA.png Graphic file (type png)
<use image/practica1-bombillaA.png>
Package pdftex.def Info: image/practica1-bombillaA.png  used on input line 1210
.
(pdftex.def)             Requested size: 209.73212pt x 193.92317pt.
<image/practica1-bombillaB.png, id=238, 337.26pt x 368.1253pt>
File: image/practica1-bombillaB.png Graphic file (type png)
<use image/practica1-bombillaB.png>
Package pdftex.def Info: image/practica1-bombillaB.png  used on input line 1216
.
(pdftex.def)             Requested size: 236.08038pt x 257.68596pt.
(guion-practicas-fft.bbl [53 <./image/practica1-bombillaA.png> <./image/practic
a1-bombillaB.png>]) [54] (guion-practicas-fft.aux
LaTeX Info: Redefining \. on input line 7.
LaTeX Info: Redefining \% on input line 7.
)

LaTeX Warning: There were multiply-defined labels.

 ) 
Here is how much of TeX's memory you used:
 6370 strings out of 493303
 102772 string characters out of 3127608
 253698 words of memory out of 3000000
 9741 multiletter control sequences out of 15000+200000
 22130 words of font info for 62 fonts, out of 3000000 for 9000
 1141 hyphenation exceptions out of 8191
 51i,13n,51p,8832b,524s stack positions out of 5000i,500n,10000p,200000b,50000s
 <C:\Users\McMay XIII\AppData\Local\MiKTeX\2.9\fonts\pk\ljfour\jknappen\ec\dp
i600\ecti0800.pk> <C:\Users\McMay XIII\AppData\Local\MiKTeX\2.9\fonts\pk\ljfour
\jknappen\ec\dpi600\ecbx1095.pk> <C:\Users\McMay XIII\AppData\Local\MiKTeX\2.9\
fonts\pk\ljfour\jknappen\ec\dpi600\ecti1095.pk> <C:\Users\McMay XIII\AppData\Lo
cal\MiKTeX\2.9\fonts\pk\ljfour\jknappen\ec\dpi600\ecsx1200.pk> <C:\Users\McMay 
XIII\AppData\Local\MiKTeX\2.9\fonts\pk\ljfour\jknappen\ec\dpi600\ecsx1095.pk> <
C:\Users\McMay XIII\AppData\Local\MiKTeX\2.9\fonts\pk\ljfour\jknappen\ec\dpi600
\ecsx1440.pk> <C:\Users\McMay XIII\AppData\Local\MiKTeX\2.9\fonts\pk\ljfour\jkn
appen\ec\dpi600\ecrm1095.pk> <C:\Users\McMay XIII\AppData\Local\MiKTeX\2.9\font
s\pk\ljfour\jknappen\ec\dpi600\ecrm1440.pk> <C:\Users\McMay XIII\AppData\Local\
MiKTeX\2.9\fonts\pk\ljfour\jknappen\ec\dpi600\ecrm2074.pk> <C:\Users\McMay XIII
\AppData\Local\MiKTeX\2.9\fonts\pk\ljfour\jknappen\ec\dpi600\eccc1095.pk> <C:\U
sers\McMay XIII\AppData\Local\MiKTeX\2.9\fonts\pk\ljfour\jknappen\ec\dpi600\ecx
c1095.pk><C:/Users/McMay XIII/AppData/Local/Programs/MiKTeX 2.9/fonts/type1/pub
lic/amsfonts/cm/cmmi10.pfb><C:/Users/McMay XIII/AppData/Local/Programs/MiKTeX 2
.9/fonts/type1/public/amsfonts/cm/cmmi12.pfb><C:/Users/McMay XIII/AppData/Local
/Programs/MiKTeX 2.9/fonts/type1/public/amsfonts/cm/cmmi8.pfb><C:/Users/McMay X
III/AppData/Local/Programs/MiKTeX 2.9/fonts/type1/public/amsfonts/cm/cmr10.pfb>
<C:/Users/McMay XIII/AppData/Local/Programs/MiKTeX 2.9/fonts/type1/public/amsfo
nts/cm/cmr8.pfb><C:/Users/McMay XIII/AppData/Local/Programs/MiKTeX 2.9/fonts/ty
pe1/public/amsfonts/cm/cmsy10.pfb><C:/Users/McMay XIII/AppData/Local/Programs/M
iKTeX 2.9/fonts/type1/public/amsfonts/cm/cmsy8.pfb>
Output written on guion-practicas-fft.pdf (54 pages, 3106775 bytes).
PDF statistics:
 772 PDF objects out of 1000 (max. 8388607)
 0 named destinations out of 1000 (max. 500000)
 251 words of extra memory for PDF output out of 10000 (max. 10000000)

