\BOOKMARK [1][-]{section.1}{Pr\341ctica 1}{}% 1
\BOOKMARK [2][-]{subsection.1.1}{Ejercicio 1}{section.1}% 2
\BOOKMARK [3][-]{subsubsection.1.1.1}{Apartado A}{subsection.1.1}% 3
\BOOKMARK [3][-]{subsubsection.1.1.2}{Apartado B}{subsection.1.1}% 4
\BOOKMARK [3][-]{subsubsection.1.1.3}{Apartado C}{subsection.1.1}% 5
\BOOKMARK [2][-]{subsection.1.2}{Ejercicio 2}{section.1}% 6
\BOOKMARK [3][-]{subsubsection.1.2.1}{Apartado A}{subsection.1.2}% 7
\BOOKMARK [3][-]{subsubsection.1.2.2}{Apartado B}{subsection.1.2}% 8
\BOOKMARK [3][-]{subsubsection.1.2.3}{Apartado C}{subsection.1.2}% 9
\BOOKMARK [2][-]{subsection.1.3}{Ejercicio 3}{section.1}% 10
\BOOKMARK [1][-]{section.2}{Practica 2}{}% 11
\BOOKMARK [2][-]{subsection.2.1}{Ejercicio 1}{section.2}% 12
\BOOKMARK [3][-]{subsubsection.2.1.1}{Apartado A}{subsection.2.1}% 13
\BOOKMARK [3][-]{subsubsection.2.1.2}{Apartado B}{subsection.2.1}% 14
\BOOKMARK [3][-]{subsubsection.2.1.3}{Apartado C}{subsection.2.1}% 15
\BOOKMARK [2][-]{subsection.2.2}{Ejercicio 2}{section.2}% 16
\BOOKMARK [3][-]{subsubsection.2.2.1}{Apartado A}{subsection.2.2}% 17
\BOOKMARK [3][-]{subsubsection.2.2.2}{Apartado B}{subsection.2.2}% 18
\BOOKMARK [3][-]{subsubsection.2.2.3}{Apartado C}{subsection.2.2}% 19
\BOOKMARK [2][-]{subsection.2.3}{Ejercicio 3}{section.2}% 20
\BOOKMARK [2][-]{subsection.2.4}{Ejercicio 4}{section.2}% 21
\BOOKMARK [1][-]{section.3}{Practica 3}{}% 22
\BOOKMARK [2][-]{subsection.3.1}{Ejercicio 1}{section.3}% 23
\BOOKMARK [2][-]{subsection.3.2}{Ejercicio 2}{section.3}% 24
\BOOKMARK [2][-]{subsection.3.3}{Ejercicio 3}{section.3}% 25
\BOOKMARK [1][-]{section.4}{Practica 4}{}% 26
\BOOKMARK [2][-]{subsection.4.1}{Ejercicio 1}{section.4}% 27
\BOOKMARK [3][-]{subsubsection.4.1.1}{Apartado A}{subsection.4.1}% 28
\BOOKMARK [3][-]{subsubsection.4.1.2}{Apartado B}{subsection.4.1}% 29
\BOOKMARK [3][-]{subsubsection.4.1.3}{Apartado C}{subsection.4.1}% 30
\BOOKMARK [2][-]{subsection.4.2}{Ejercicio 2}{section.4}% 31
\BOOKMARK [2][-]{subsection.4.3}{Ejercicio 3}{section.4}% 32
\BOOKMARK [2][-]{subsection.4.4}{Ejercicio 4}{section.4}% 33
